***
INFO  ContextLoader - Root WebApplicationContext: initialization started 20.05.2021 23:58:01
TRACE AnnotationConfigWebApplicationContext - Refreshing Root WebApplicationContext, started on Thu May 20 23:58:01 MSK 2021 20.05.2021 23:58:01
TRACE ClassPathBeanDefinitionScanner - JSR-250 'javax.annotation.ManagedBean' found and supported for component scanning 20.05.2021 23:58:02
DEBUG AnnotationConfigWebApplicationContext - Registering component classes: [class com.chitts.config.AppInitializer,class com.chitts.config.DataSourceConfig,class com.chitts.config.DataBaseInit] 20.05.2021 23:58:02
TRACE DefaultListableBeanFactory - Registering scope 'request' with implementation [org.springframework.web.context.request.RequestScope@711fb22a] 20.05.2021 23:58:02
TRACE DefaultListableBeanFactory - Registering scope 'session' with implementation [org.springframework.web.context.request.SessionScope@2d945134] 20.05.2021 23:58:02
TRACE DefaultListableBeanFactory - Registering scope 'application' with implementation [org.springframework.web.context.support.ServletContextScope@2913ab0d] 20.05.2021 23:58:02
DEBUG DefaultListableBeanFactory - Creating shared instance of singleton bean 'org.springframework.context.annotation.internalConfigurationAnnotationProcessor' 20.05.2021 23:58:02
TRACE DefaultListableBeanFactory - Creating instance of bean 'org.springframework.context.annotation.internalConfigurationAnnotationProcessor' 20.05.2021 23:58:02
TRACE DefaultListableBeanFactory - Eagerly caching bean 'org.springframework.context.annotation.internalConfigurationAnnotationProcessor' to allow for resolving potential circular references 20.05.2021 23:58:02
TRACE DefaultListableBeanFactory - Finished creating instance of bean 'org.springframework.context.annotation.internalConfigurationAnnotationProcessor' 20.05.2021 23:58:02
TRACE ClassPathBeanDefinitionScanner - JSR-250 'javax.annotation.ManagedBean' found and supported for component scanning 20.05.2021 23:58:02
TRACE PathMatchingResourcePatternResolver - Resolved classpath location [com/chitts/] to resources [URL [file:/H:/newFolder/target/simpleWebApp/WEB-INF/classes/com/chitts/]] 20.05.2021 23:58:02
TRACE PathMatchingResourcePatternResolver - Looking for matching resources in directory tree [H:\newFolder\target\simpleWebApp\WEB-INF\classes\com\chitts] 20.05.2021 23:58:02
TRACE PathMatchingResourcePatternResolver - Searching directory [H:\newFolder\target\simpleWebApp\WEB-INF\classes\com\chitts] for files matching pattern [H:/newFolder/target/simpleWebApp/WEB-INF/classes/com/chitts/**/*.class] 20.05.2021 23:58:02
TRACE PathMatchingResourcePatternResolver - Searching directory [H:\newFolder\target\simpleWebApp\WEB-INF\classes\com\chitts\config] for files matching pattern [H:/newFolder/target/simpleWebApp/WEB-INF/classes/com/chitts/**/*.class] 20.05.2021 23:58:02
TRACE PathMatchingResourcePatternResolver - Searching directory [H:\newFolder\target\simpleWebApp\WEB-INF\classes\com\chitts\controllers] for files matching pattern [H:/newFolder/target/simpleWebApp/WEB-INF/classes/com/chitts/**/*.class] 20.05.2021 23:58:02
TRACE PathMatchingResourcePatternResolver - Searching directory [H:\newFolder\target\simpleWebApp\WEB-INF\classes\com\chitts\controllers\employee] for files matching pattern [H:/newFolder/target/simpleWebApp/WEB-INF/classes/com/chitts/**/*.class] 20.05.2021 23:58:02
TRACE PathMatchingResourcePatternResolver - Searching directory [H:\newFolder\target\simpleWebApp\WEB-INF\classes\com\chitts\dao] for files matching pattern [H:/newFolder/target/simpleWebApp/WEB-INF/classes/com/chitts/**/*.class] 20.05.2021 23:58:02
TRACE PathMatchingResourcePatternResolver - Searching directory [H:\newFolder\target\simpleWebApp\WEB-INF\classes\com\chitts\dao\impl] for files matching pattern [H:/newFolder/target/simpleWebApp/WEB-INF/classes/com/chitts/**/*.class] 20.05.2021 23:58:02
TRACE PathMatchingResourcePatternResolver - Searching directory [H:\newFolder\target\simpleWebApp\WEB-INF\classes\com\chitts\dao\query] for files matching pattern [H:/newFolder/target/simpleWebApp/WEB-INF/classes/com/chitts/**/*.class] 20.05.2021 23:58:02
TRACE PathMatchingResourcePatternResolver - Searching directory [H:\newFolder\target\simpleWebApp\WEB-INF\classes\com\chitts\dto] for files matching pattern [H:/newFolder/target/simpleWebApp/WEB-INF/classes/com/chitts/**/*.class] 20.05.2021 23:58:02
TRACE PathMatchingResourcePatternResolver - Searching directory [H:\newFolder\target\simpleWebApp\WEB-INF\classes\com\chitts\dto\employees] for files matching pattern [H:/newFolder/target/simpleWebApp/WEB-INF/classes/com/chitts/**/*.class] 20.05.2021 23:58:02
TRACE PathMatchingResourcePatternResolver - Searching directory [H:\newFolder\target\simpleWebApp\WEB-INF\classes\com\chitts\dto\impl] for files matching pattern [H:/newFolder/target/simpleWebApp/WEB-INF/classes/com/chitts/**/*.class] 20.05.2021 23:58:02
TRACE PathMatchingResourcePatternResolver - Searching directory [H:\newFolder\target\simpleWebApp\WEB-INF\classes\com\chitts\exception] for files matching pattern [H:/newFolder/target/simpleWebApp/WEB-INF/classes/com/chitts/**/*.class] 20.05.2021 23:58:02
TRACE PathMatchingResourcePatternResolver - Searching directory [H:\newFolder\target\simpleWebApp\WEB-INF\classes\com\chitts\models] for files matching pattern [H:/newFolder/target/simpleWebApp/WEB-INF/classes/com/chitts/**/*.class] 20.05.2021 23:58:02
TRACE PathMatchingResourcePatternResolver - Searching directory [H:\newFolder\target\simpleWebApp\WEB-INF\classes\com\chitts\models\builder] for files matching pattern [H:/newFolder/target/simpleWebApp/WEB-INF/classes/com/chitts/**/*.class] 20.05.2021 23:58:02
TRACE PathMatchingResourcePatternResolver - Searching directory [H:\newFolder\target\simpleWebApp\WEB-INF\classes\com\chitts\models\builder\extractors] for files matching pattern [H:/newFolder/target/simpleWebApp/WEB-INF/classes/com/chitts/**/*.class] 20.05.2021 23:58:02
TRACE PathMatchingResourcePatternResolver - Searching directory [H:\newFolder\target\simpleWebApp\WEB-INF\classes\com\chitts\models\impl] for files matching pattern [H:/newFolder/target/simpleWebApp/WEB-INF/classes/com/chitts/**/*.class] 20.05.2021 23:58:02
TRACE PathMatchingResourcePatternResolver - Searching directory [H:\newFolder\target\simpleWebApp\WEB-INF\classes\com\chitts\service] for files matching pattern [H:/newFolder/target/simpleWebApp/WEB-INF/classes/com/chitts/**/*.class] 20.05.2021 23:58:02
TRACE PathMatchingResourcePatternResolver - Searching directory [H:\newFolder\target\simpleWebApp\WEB-INF\classes\com\chitts\service\impl] for files matching pattern [H:/newFolder/target/simpleWebApp/WEB-INF/classes/com/chitts/**/*.class] 20.05.2021 23:58:02
TRACE PathMatchingResourcePatternResolver - Resolved location pattern [classpath*:com/chitts/**/*.class] to resources [file [H:\newFolder\target\simpleWebApp\WEB-INF\classes\com\chitts\config\AppInitializer.class], file [H:\newFolder\target\simpleWebApp\WEB-INF\classes\com\chitts\config\DataBaseInit.class], file [H:\newFolder\target\simpleWebApp\WEB-INF\classes\com\chitts\config\DataSourceConfig.class], file [H:\newFolder\target\simpleWebApp\WEB-INF\classes\com\chitts\controllers\EmployeesController.class], file [H:\newFolder\target\simpleWebApp\WEB-INF\classes\com\chitts\dao\Dao.class], file [H:\newFolder\target\simpleWebApp\WEB-INF\classes\com\chitts\dao\impl\EmployeeDaoImpl.class], file [H:\newFolder\target\simpleWebApp\WEB-INF\classes\com\chitts\dao\query\EmployeeSqlQuery.class], file [H:\newFolder\target\simpleWebApp\WEB-INF\classes\com\chitts\dto\DtoEmployeeFull.class], file [H:\newFolder\target\simpleWebApp\WEB-INF\classes\com\chitts\dto\DtoEmployeeShort.class], file [H:\newFolder\target\simpleWebApp\WEB-INF\classes\com\chitts\exception\AppException.class], file [H:\newFolder\target\simpleWebApp\WEB-INF\classes\com\chitts\exception\EntityNotFoundException.class], file [H:\newFolder\target\simpleWebApp\WEB-INF\classes\com\chitts\models\Employee.class], file [H:\newFolder\target\simpleWebApp\WEB-INF\classes\com\chitts\models\Gender.class], file [H:\newFolder\target\simpleWebApp\WEB-INF\classes\com\chitts\service\EmployeeService.class], file [H:\newFolder\target\simpleWebApp\WEB-INF\classes\com\chitts\service\impl\EmployeeServiceImpl.class]] 20.05.2021 23:58:02
TRACE ClassPathBeanDefinitionScanner - Scanning file [H:\newFolder\target\simpleWebApp\WEB-INF\classes\com\chitts\config\AppInitializer.class] 20.05.2021 23:58:02
TRACE ClassPathBeanDefinitionScanner - Ignored because not matching any filter: file [H:\newFolder\target\simpleWebApp\WEB-INF\classes\com\chitts\config\AppInitializer.class] 20.05.2021 23:58:02
TRACE ClassPathBeanDefinitionScanner - Scanning file [H:\newFolder\target\simpleWebApp\WEB-INF\classes\com\chitts\config\DataBaseInit.class] 20.05.2021 23:58:02
DEBUG ClassPathBeanDefinitionScanner - Identified candidate component class: file [H:\newFolder\target\simpleWebApp\WEB-INF\classes\com\chitts\config\DataBaseInit.class] 20.05.2021 23:58:02
TRACE ClassPathBeanDefinitionScanner - Scanning file [H:\newFolder\target\simpleWebApp\WEB-INF\classes\com\chitts\config\DataSourceConfig.class] 20.05.2021 23:58:02
DEBUG ClassPathBeanDefinitionScanner - Identified candidate component class: file [H:\newFolder\target\simpleWebApp\WEB-INF\classes\com\chitts\config\DataSourceConfig.class] 20.05.2021 23:58:02
TRACE ClassPathBeanDefinitionScanner - Scanning file [H:\newFolder\target\simpleWebApp\WEB-INF\classes\com\chitts\controllers\EmployeesController.class] 20.05.2021 23:58:02
DEBUG ClassPathBeanDefinitionScanner - Identified candidate component class: file [H:\newFolder\target\simpleWebApp\WEB-INF\classes\com\chitts\controllers\EmployeesController.class] 20.05.2021 23:58:02
TRACE ClassPathBeanDefinitionScanner - Scanning file [H:\newFolder\target\simpleWebApp\WEB-INF\classes\com\chitts\dao\Dao.class] 20.05.2021 23:58:02
TRACE ClassPathBeanDefinitionScanner - Ignored because not matching any filter: file [H:\newFolder\target\simpleWebApp\WEB-INF\classes\com\chitts\dao\Dao.class] 20.05.2021 23:58:02
TRACE ClassPathBeanDefinitionScanner - Scanning file [H:\newFolder\target\simpleWebApp\WEB-INF\classes\com\chitts\dao\impl\EmployeeDaoImpl.class] 20.05.2021 23:58:02
DEBUG ClassPathBeanDefinitionScanner - Identified candidate component class: file [H:\newFolder\target\simpleWebApp\WEB-INF\classes\com\chitts\dao\impl\EmployeeDaoImpl.class] 20.05.2021 23:58:02
TRACE ClassPathBeanDefinitionScanner - Scanning file [H:\newFolder\target\simpleWebApp\WEB-INF\classes\com\chitts\dao\query\EmployeeSqlQuery.class] 20.05.2021 23:58:02
TRACE ClassPathBeanDefinitionScanner - Ignored because not matching any filter: file [H:\newFolder\target\simpleWebApp\WEB-INF\classes\com\chitts\dao\query\EmployeeSqlQuery.class] 20.05.2021 23:58:02
TRACE ClassPathBeanDefinitionScanner - Scanning file [H:\newFolder\target\simpleWebApp\WEB-INF\classes\com\chitts\dto\DtoEmployeeFull.class] 20.05.2021 23:58:02
TRACE ClassPathBeanDefinitionScanner - Ignored because not matching any filter: file [H:\newFolder\target\simpleWebApp\WEB-INF\classes\com\chitts\dto\DtoEmployeeFull.class] 20.05.2021 23:58:02
TRACE ClassPathBeanDefinitionScanner - Scanning file [H:\newFolder\target\simpleWebApp\WEB-INF\classes\com\chitts\dto\DtoEmployeeShort.class] 20.05.2021 23:58:02
TRACE ClassPathBeanDefinitionScanner - Ignored because not matching any filter: file [H:\newFolder\target\simpleWebApp\WEB-INF\classes\com\chitts\dto\DtoEmployeeShort.class] 20.05.2021 23:58:02
TRACE ClassPathBeanDefinitionScanner - Scanning file [H:\newFolder\target\simpleWebApp\WEB-INF\classes\com\chitts\exception\AppException.class] 20.05.2021 23:58:02
TRACE ClassPathBeanDefinitionScanner - Ignored because not matching any filter: file [H:\newFolder\target\simpleWebApp\WEB-INF\classes\com\chitts\exception\AppException.class] 20.05.2021 23:58:02
TRACE ClassPathBeanDefinitionScanner - Scanning file [H:\newFolder\target\simpleWebApp\WEB-INF\classes\com\chitts\exception\EntityNotFoundException.class] 20.05.2021 23:58:02
TRACE ClassPathBeanDefinitionScanner - Ignored because not matching any filter: file [H:\newFolder\target\simpleWebApp\WEB-INF\classes\com\chitts\exception\EntityNotFoundException.class] 20.05.2021 23:58:02
TRACE ClassPathBeanDefinitionScanner - Scanning file [H:\newFolder\target\simpleWebApp\WEB-INF\classes\com\chitts\models\Employee.class] 20.05.2021 23:58:02
TRACE ClassPathBeanDefinitionScanner - Ignored because not matching any filter: file [H:\newFolder\target\simpleWebApp\WEB-INF\classes\com\chitts\models\Employee.class] 20.05.2021 23:58:02
TRACE ClassPathBeanDefinitionScanner - Scanning file [H:\newFolder\target\simpleWebApp\WEB-INF\classes\com\chitts\models\Gender.class] 20.05.2021 23:58:02
TRACE ClassPathBeanDefinitionScanner - Ignored because not matching any filter: file [H:\newFolder\target\simpleWebApp\WEB-INF\classes\com\chitts\models\Gender.class] 20.05.2021 23:58:02
TRACE ClassPathBeanDefinitionScanner - Scanning file [H:\newFolder\target\simpleWebApp\WEB-INF\classes\com\chitts\service\EmployeeService.class] 20.05.2021 23:58:02
TRACE ClassPathBeanDefinitionScanner - Ignored because not matching any filter: file [H:\newFolder\target\simpleWebApp\WEB-INF\classes\com\chitts\service\EmployeeService.class] 20.05.2021 23:58:02
TRACE ClassPathBeanDefinitionScanner - Scanning file [H:\newFolder\target\simpleWebApp\WEB-INF\classes\com\chitts\service\impl\EmployeeServiceImpl.class] 20.05.2021 23:58:02
DEBUG ClassPathBeanDefinitionScanner - Identified candidate component class: file [H:\newFolder\target\simpleWebApp\WEB-INF\classes\com\chitts\service\impl\EmployeeServiceImpl.class] 20.05.2021 23:58:02
TRACE ConfigurationClassBeanDefinitionReader - Registered bean definition for imported class 'org.springframework.web.servlet.config.annotation.DelegatingWebMvcConfiguration' 20.05.2021 23:58:02
TRACE ConfigurationClassBeanDefinitionReader - Registering bean definition for @Bean method org.springframework.web.servlet.config.annotation.DelegatingWebMvcConfiguration.requestMappingHandlerMapping() 20.05.2021 23:58:02
TRACE ConfigurationClassBeanDefinitionReader - Registering bean definition for @Bean method org.springframework.web.servlet.config.annotation.DelegatingWebMvcConfiguration.mvcUrlPathHelper() 20.05.2021 23:58:02
TRACE ConfigurationClassBeanDefinitionReader - Registering bean definition for @Bean method org.springframework.web.servlet.config.annotation.DelegatingWebMvcConfiguration.mvcPathMatcher() 20.05.2021 23:58:02
TRACE ConfigurationClassBeanDefinitionReader - Registering bean definition for @Bean method org.springframework.web.servlet.config.annotation.DelegatingWebMvcConfiguration.mvcContentNegotiationManager() 20.05.2021 23:58:02
TRACE ConfigurationClassBeanDefinitionReader - Registering bean definition for @Bean method org.springframework.web.servlet.config.annotation.DelegatingWebMvcConfiguration.viewControllerHandlerMapping() 20.05.2021 23:58:02
TRACE ConfigurationClassBeanDefinitionReader - Registering bean definition for @Bean method org.springframework.web.servlet.config.annotation.DelegatingWebMvcConfiguration.beanNameHandlerMapping() 20.05.2021 23:58:02
TRACE ConfigurationClassBeanDefinitionReader - Registering bean definition for @Bean method org.springframework.web.servlet.config.annotation.DelegatingWebMvcConfiguration.routerFunctionMapping() 20.05.2021 23:58:02
TRACE ConfigurationClassBeanDefinitionReader - Registering bean definition for @Bean method org.springframework.web.servlet.config.annotation.DelegatingWebMvcConfiguration.resourceHandlerMapping() 20.05.2021 23:58:02
TRACE ConfigurationClassBeanDefinitionReader - Registering bean definition for @Bean method org.springframework.web.servlet.config.annotation.DelegatingWebMvcConfiguration.mvcResourceUrlProvider() 20.05.2021 23:58:02
TRACE ConfigurationClassBeanDefinitionReader - Registering bean definition for @Bean method org.springframework.web.servlet.config.annotation.DelegatingWebMvcConfiguration.defaultServletHandlerMapping() 20.05.2021 23:58:02
TRACE ConfigurationClassBeanDefinitionReader - Registering bean definition for @Bean method org.springframework.web.servlet.config.annotation.DelegatingWebMvcConfiguration.requestMappingHandlerAdapter() 20.05.2021 23:58:02
TRACE ConfigurationClassBeanDefinitionReader - Registering bean definition for @Bean method org.springframework.web.servlet.config.annotation.DelegatingWebMvcConfiguration.handlerFunctionAdapter() 20.05.2021 23:58:02
TRACE ConfigurationClassBeanDefinitionReader - Registering bean definition for @Bean method org.springframework.web.servlet.config.annotation.DelegatingWebMvcConfiguration.mvcConversionService() 20.05.2021 23:58:02
TRACE ConfigurationClassBeanDefinitionReader - Registering bean definition for @Bean method org.springframework.web.servlet.config.annotation.DelegatingWebMvcConfiguration.mvcValidator() 20.05.2021 23:58:02
TRACE ConfigurationClassBeanDefinitionReader - Registering bean definition for @Bean method org.springframework.web.servlet.config.annotation.DelegatingWebMvcConfiguration.mvcUriComponentsContributor() 20.05.2021 23:58:02
TRACE ConfigurationClassBeanDefinitionReader - Registering bean definition for @Bean method org.springframework.web.servlet.config.annotation.DelegatingWebMvcConfiguration.httpRequestHandlerAdapter() 20.05.2021 23:58:02
TRACE ConfigurationClassBeanDefinitionReader - Registering bean definition for @Bean method org.springframework.web.servlet.config.annotation.DelegatingWebMvcConfiguration.simpleControllerHandlerAdapter() 20.05.2021 23:58:02
TRACE ConfigurationClassBeanDefinitionReader - Registering bean definition for @Bean method org.springframework.web.servlet.config.annotation.DelegatingWebMvcConfiguration.handlerExceptionResolver() 20.05.2021 23:58:02
TRACE ConfigurationClassBeanDefinitionReader - Registering bean definition for @Bean method org.springframework.web.servlet.config.annotation.DelegatingWebMvcConfiguration.mvcViewResolver() 20.05.2021 23:58:02
TRACE ConfigurationClassBeanDefinitionReader - Registering bean definition for @Bean method org.springframework.web.servlet.config.annotation.DelegatingWebMvcConfiguration.mvcHandlerMappingIntrospector() 20.05.2021 23:58:02
TRACE ConfigurationClassBeanDefinitionReader - Registering bean definition for @Bean method org.springframework.web.servlet.config.annotation.DelegatingWebMvcConfiguration.localeResolver() 20.05.2021 23:58:02
TRACE ConfigurationClassBeanDefinitionReader - Registering bean definition for @Bean method org.springframework.web.servlet.config.annotation.DelegatingWebMvcConfiguration.themeResolver() 20.05.2021 23:58:02
TRACE ConfigurationClassBeanDefinitionReader - Registering bean definition for @Bean method org.springframework.web.servlet.config.annotation.DelegatingWebMvcConfiguration.flashMapManager() 20.05.2021 23:58:02
TRACE ConfigurationClassBeanDefinitionReader - Registering bean definition for @Bean method org.springframework.web.servlet.config.annotation.DelegatingWebMvcConfiguration.viewNameTranslator() 20.05.2021 23:58:02
TRACE ConfigurationClassBeanDefinitionReader - Registering bean definition for @Bean method com.chitts.config.DataSourceConfig.jdbcTemplate() 20.05.2021 23:58:02
TRACE ConfigurationClassBeanDefinitionReader - Registering bean definition for @Bean method com.chitts.config.DataSourceConfig.dataSource() 20.05.2021 23:58:02
TRACE ConfigurationClassEnhancer - Successfully enhanced com.chitts.config.AppInitializer; enhanced class name is: com.chitts.config.AppInitializer$$EnhancerBySpringCGLIB$$e9639397 20.05.2021 23:58:02
TRACE ConfigurationClassPostProcessor - Replacing bean definition 'appInitializer' existing class 'com.chitts.config.AppInitializer' with enhanced class 'com.chitts.config.AppInitializer$$EnhancerBySpringCGLIB$$e9639397' 20.05.2021 23:58:02
TRACE ConfigurationClassEnhancer - Successfully enhanced com.chitts.config.DataSourceConfig; enhanced class name is: com.chitts.config.DataSourceConfig$$EnhancerBySpringCGLIB$$945215dd 20.05.2021 23:58:02
TRACE ConfigurationClassPostProcessor - Replacing bean definition 'dataSourceConfig' existing class 'com.chitts.config.DataSourceConfig' with enhanced class 'com.chitts.config.DataSourceConfig$$EnhancerBySpringCGLIB$$945215dd' 20.05.2021 23:58:02
DEBUG DefaultListableBeanFactory - Creating shared instance of singleton bean 'org.springframework.context.event.internalEventListenerProcessor' 20.05.2021 23:58:02
TRACE DefaultListableBeanFactory - Creating instance of bean 'org.springframework.context.event.internalEventListenerProcessor' 20.05.2021 23:58:02
TRACE DefaultListableBeanFactory - Eagerly caching bean 'org.springframework.context.event.internalEventListenerProcessor' to allow for resolving potential circular references 20.05.2021 23:58:02
TRACE DefaultListableBeanFactory - Finished creating instance of bean 'org.springframework.context.event.internalEventListenerProcessor' 20.05.2021 23:58:02
DEBUG DefaultListableBeanFactory - Creating shared instance of singleton bean 'org.springframework.context.event.internalEventListenerFactory' 20.05.2021 23:58:02
TRACE DefaultListableBeanFactory - Creating instance of bean 'org.springframework.context.event.internalEventListenerFactory' 20.05.2021 23:58:02
TRACE DefaultListableBeanFactory - Eagerly caching bean 'org.springframework.context.event.internalEventListenerFactory' to allow for resolving potential circular references 20.05.2021 23:58:02
TRACE DefaultListableBeanFactory - Finished creating instance of bean 'org.springframework.context.event.internalEventListenerFactory' 20.05.2021 23:58:02
DEBUG DefaultListableBeanFactory - Creating shared instance of singleton bean 'org.springframework.context.annotation.internalAutowiredAnnotationProcessor' 20.05.2021 23:58:02
TRACE DefaultListableBeanFactory - Creating instance of bean 'org.springframework.context.annotation.internalAutowiredAnnotationProcessor' 20.05.2021 23:58:02
TRACE DefaultListableBeanFactory - Eagerly caching bean 'org.springframework.context.annotation.internalAutowiredAnnotationProcessor' to allow for resolving potential circular references 20.05.2021 23:58:02
TRACE DefaultListableBeanFactory - Finished creating instance of bean 'org.springframework.context.annotation.internalAutowiredAnnotationProcessor' 20.05.2021 23:58:02
DEBUG DefaultListableBeanFactory - Creating shared instance of singleton bean 'org.springframework.context.annotation.internalCommonAnnotationProcessor' 20.05.2021 23:58:02
TRACE DefaultListableBeanFactory - Creating instance of bean 'org.springframework.context.annotation.internalCommonAnnotationProcessor' 20.05.2021 23:58:02
TRACE DefaultListableBeanFactory - Eagerly caching bean 'org.springframework.context.annotation.internalCommonAnnotationProcessor' to allow for resolving potential circular references 20.05.2021 23:58:02
TRACE DefaultListableBeanFactory - Finished creating instance of bean 'org.springframework.context.annotation.internalCommonAnnotationProcessor' 20.05.2021 23:58:02
TRACE AnnotationConfigWebApplicationContext - No 'messageSource' bean, using [Empty MessageSource] 20.05.2021 23:58:02
TRACE AnnotationConfigWebApplicationContext - No 'applicationEventMulticaster' bean, using [SimpleApplicationEventMulticaster] 20.05.2021 23:58:02
DEBUG UiApplicationContextUtils - Unable to locate ThemeSource with name 'themeSource': using default [org.springframework.ui.context.support.ResourceBundleThemeSource@1fc057e0] 20.05.2021 23:58:02
TRACE DefaultListableBeanFactory - Pre-instantiating singletons in org.springframework.beans.factory.support.DefaultListableBeanFactory@453cf307: defining beans [org.springframework.context.annotation.internalConfigurationAnnotationProcessor,org.springframework.context.annotation.internalAutowiredAnnotationProcessor,org.springframework.context.annotation.internalCommonAnnotationProcessor,org.springframework.context.event.internalEventListenerProcessor,org.springframework.context.event.internalEventListenerFactory,appInitializer,dataSourceConfig,dataBaseInit,employeesController,employeeDaoImpl,employeeServiceImpl,org.springframework.web.servlet.config.annotation.DelegatingWebMvcConfiguration,requestMappingHandlerMapping,mvcUrlPathHelper,mvcPathMatcher,mvcContentNegotiationManager,viewControllerHandlerMapping,beanNameHandlerMapping,routerFunctionMapping,resourceHandlerMapping,mvcResourceUrlProvider,defaultServletHandlerMapping,requestMappingHandlerAdapter,handlerFunctionAdapter,mvcConversionService,mvcValidator,mvcUriComponentsContributor,httpRequestHandlerAdapter,simpleControllerHandlerAdapter,handlerExceptionResolver,mvcViewResolver,mvcHandlerMappingIntrospector,localeResolver,themeResolver,flashMapManager,viewNameTranslator,jdbcTemplate,dataSource]; root of factory hierarchy 20.05.2021 23:58:02
TRACE DefaultListableBeanFactory - Returning cached instance of singleton bean 'org.springframework.context.annotation.internalConfigurationAnnotationProcessor' 20.05.2021 23:58:02
TRACE DefaultListableBeanFactory - Returning cached instance of singleton bean 'org.springframework.context.annotation.internalAutowiredAnnotationProcessor' 20.05.2021 23:58:02
TRACE DefaultListableBeanFactory - Returning cached instance of singleton bean 'org.springframework.context.annotation.internalCommonAnnotationProcessor' 20.05.2021 23:58:02
TRACE DefaultListableBeanFactory - Returning cached instance of singleton bean 'org.springframework.context.event.internalEventListenerProcessor' 20.05.2021 23:58:02
TRACE DefaultListableBeanFactory - Returning cached instance of singleton bean 'org.springframework.context.event.internalEventListenerFactory' 20.05.2021 23:58:02
DEBUG DefaultListableBeanFactory - Creating shared instance of singleton bean 'appInitializer' 20.05.2021 23:58:02
TRACE DefaultListableBeanFactory - Creating instance of bean 'appInitializer' 20.05.2021 23:58:02
TRACE DefaultListableBeanFactory - Eagerly caching bean 'appInitializer' to allow for resolving potential circular references 20.05.2021 23:58:02
TRACE DefaultListableBeanFactory - Finished creating instance of bean 'appInitializer' 20.05.2021 23:58:02
DEBUG DefaultListableBeanFactory - Creating shared instance of singleton bean 'dataSourceConfig' 20.05.2021 23:58:02
TRACE DefaultListableBeanFactory - Creating instance of bean 'dataSourceConfig' 20.05.2021 23:58:02
DEBUG LocalVariableTableParameterNameDiscoverer - Cannot find '.class' file for class [class com.chitts.config.DataSourceConfig$$EnhancerBySpringCGLIB$$945215dd] - unable to determine constructor/method parameter names 20.05.2021 23:58:02
TRACE DefaultListableBeanFactory - Returning cached instance of singleton bean 'environment' 20.05.2021 23:58:02
DEBUG DefaultListableBeanFactory - Autowiring by type from bean name 'dataSourceConfig' via constructor to bean named 'environment' 20.05.2021 23:58:02
TRACE DefaultListableBeanFactory - Eagerly caching bean 'dataSourceConfig' to allow for resolving potential circular references 20.05.2021 23:58:02
TRACE DefaultListableBeanFactory - Finished creating instance of bean 'dataSourceConfig' 20.05.2021 23:58:02
DEBUG DefaultListableBeanFactory - Creating shared instance of singleton bean 'dataBaseInit' 20.05.2021 23:58:02
TRACE DefaultListableBeanFactory - Creating instance of bean 'dataBaseInit' 20.05.2021 23:58:02
DEBUG DefaultListableBeanFactory - Creating shared instance of singleton bean 'jdbcTemplate' 20.05.2021 23:58:02
TRACE DefaultListableBeanFactory - Creating instance of bean 'jdbcTemplate' 20.05.2021 23:58:02
TRACE DefaultListableBeanFactory - Returning cached instance of singleton bean 'dataSourceConfig' 20.05.2021 23:58:02
DEBUG DefaultListableBeanFactory - Creating shared instance of singleton bean 'dataSource' 20.05.2021 23:58:02
TRACE DefaultListableBeanFactory - Creating instance of bean 'dataSource' 20.05.2021 23:58:02
TRACE DefaultListableBeanFactory - Returning cached instance of singleton bean 'dataSourceConfig' 20.05.2021 23:58:02
TRACE PropertySourcesPropertyResolver - Searching for key 'db.driver' in PropertySource 'servletConfigInitParams' 20.05.2021 23:58:02
TRACE PropertySourcesPropertyResolver - Searching for key 'db.driver' in PropertySource 'servletContextInitParams' 20.05.2021 23:58:02
TRACE PropertySourcesPropertyResolver - Searching for key 'db.driver' in PropertySource 'jndiProperties' 20.05.2021 23:58:02
DEBUG JndiTemplate - Looking up JNDI object with name [java:comp/env/db.driver] 20.05.2021 23:58:02
DEBUG JndiLocatorDelegate - Converted JNDI name [java:comp/env/db.driver] not found - trying original name [db.driver]. javax.naming.NameNotFoundException: Name [db.driver] is not bound in this Context. Unable to find [db.driver]. 20.05.2021 23:58:02
DEBUG JndiTemplate - Looking up JNDI object with name [db.driver] 20.05.2021 23:58:02
DEBUG JndiPropertySource - JNDI lookup for name [db.driver] threw NamingException with message: Name [db.driver] is not bound in this Context. Unable to find [db.driver].. Returning null. 20.05.2021 23:58:02
TRACE PropertySourcesPropertyResolver - Searching for key 'db.driver' in PropertySource 'systemProperties' 20.05.2021 23:58:02
TRACE PropertySourcesPropertyResolver - Searching for key 'db.driver' in PropertySource 'systemEnvironment' 20.05.2021 23:58:02
TRACE PropertySourcesPropertyResolver - Searching for key 'db.driver' in PropertySource 'class path resource [dataBase.properties]' 20.05.2021 23:58:02
DEBUG PropertySourcesPropertyResolver - Found key 'db.driver' in PropertySource 'class path resource [dataBase.properties]' with value of type String 20.05.2021 23:58:02
DEBUG DriverManagerDataSource - Loaded JDBC driver: org.postgresql.Driver 20.05.2021 23:58:02
TRACE PropertySourcesPropertyResolver - Searching for key 'db.url' in PropertySource 'servletConfigInitParams' 20.05.2021 23:58:02
TRACE PropertySourcesPropertyResolver - Searching for key 'db.url' in PropertySource 'servletContextInitParams' 20.05.2021 23:58:02
TRACE PropertySourcesPropertyResolver - Searching for key 'db.url' in PropertySource 'jndiProperties' 20.05.2021 23:58:02
DEBUG JndiTemplate - Looking up JNDI object with name [java:comp/env/db.url] 20.05.2021 23:58:02
DEBUG JndiLocatorDelegate - Converted JNDI name [java:comp/env/db.url] not found - trying original name [db.url]. javax.naming.NameNotFoundException: Name [db.url] is not bound in this Context. Unable to find [db.url]. 20.05.2021 23:58:02
DEBUG JndiTemplate - Looking up JNDI object with name [db.url] 20.05.2021 23:58:02
DEBUG JndiPropertySource - JNDI lookup for name [db.url] threw NamingException with message: Name [db.url] is not bound in this Context. Unable to find [db.url].. Returning null. 20.05.2021 23:58:02
TRACE PropertySourcesPropertyResolver - Searching for key 'db.url' in PropertySource 'systemProperties' 20.05.2021 23:58:02
TRACE PropertySourcesPropertyResolver - Searching for key 'db.url' in PropertySource 'systemEnvironment' 20.05.2021 23:58:02
TRACE PropertySourcesPropertyResolver - Searching for key 'db.url' in PropertySource 'class path resource [dataBase.properties]' 20.05.2021 23:58:02
DEBUG PropertySourcesPropertyResolver - Found key 'db.url' in PropertySource 'class path resource [dataBase.properties]' with value of type String 20.05.2021 23:58:02
TRACE PropertySourcesPropertyResolver - Searching for key 'db.userName' in PropertySource 'servletConfigInitParams' 20.05.2021 23:58:02
TRACE PropertySourcesPropertyResolver - Searching for key 'db.userName' in PropertySource 'servletContextInitParams' 20.05.2021 23:58:02
TRACE PropertySourcesPropertyResolver - Searching for key 'db.userName' in PropertySource 'jndiProperties' 20.05.2021 23:58:02
DEBUG JndiTemplate - Looking up JNDI object with name [java:comp/env/db.userName] 20.05.2021 23:58:02
DEBUG JndiLocatorDelegate - Converted JNDI name [java:comp/env/db.userName] not found - trying original name [db.userName]. javax.naming.NameNotFoundException: Name [db.userName] is not bound in this Context. Unable to find [db.userName]. 20.05.2021 23:58:02
DEBUG JndiTemplate - Looking up JNDI object with name [db.userName] 20.05.2021 23:58:02
DEBUG JndiPropertySource - JNDI lookup for name [db.userName] threw NamingException with message: Name [db.userName] is not bound in this Context. Unable to find [db.userName].. Returning null. 20.05.2021 23:58:02
TRACE PropertySourcesPropertyResolver - Searching for key 'db.userName' in PropertySource 'systemProperties' 20.05.2021 23:58:02
TRACE PropertySourcesPropertyResolver - Searching for key 'db.userName' in PropertySource 'systemEnvironment' 20.05.2021 23:58:02
TRACE PropertySourcesPropertyResolver - Searching for key 'db.userName' in PropertySource 'class path resource [dataBase.properties]' 20.05.2021 23:58:02
DEBUG PropertySourcesPropertyResolver - Found key 'db.userName' in PropertySource 'class path resource [dataBase.properties]' with value of type String 20.05.2021 23:58:02
TRACE PropertySourcesPropertyResolver - Searching for key 'db.password' in PropertySource 'servletConfigInitParams' 20.05.2021 23:58:02
TRACE PropertySourcesPropertyResolver - Searching for key 'db.password' in PropertySource 'servletContextInitParams' 20.05.2021 23:58:02
TRACE PropertySourcesPropertyResolver - Searching for key 'db.password' in PropertySource 'jndiProperties' 20.05.2021 23:58:02
DEBUG JndiTemplate - Looking up JNDI object with name [java:comp/env/db.password] 20.05.2021 23:58:02
DEBUG JndiLocatorDelegate - Converted JNDI name [java:comp/env/db.password] not found - trying original name [db.password]. javax.naming.NameNotFoundException: Name [db.password] is not bound in this Context. Unable to find [db.password]. 20.05.2021 23:58:02
DEBUG JndiTemplate - Looking up JNDI object with name [db.password] 20.05.2021 23:58:02
DEBUG JndiPropertySource - JNDI lookup for name [db.password] threw NamingException with message: Name [db.password] is not bound in this Context. Unable to find [db.password].. Returning null. 20.05.2021 23:58:02
TRACE PropertySourcesPropertyResolver - Searching for key 'db.password' in PropertySource 'systemProperties' 20.05.2021 23:58:02
TRACE PropertySourcesPropertyResolver - Searching for key 'db.password' in PropertySource 'systemEnvironment' 20.05.2021 23:58:02
TRACE PropertySourcesPropertyResolver - Searching for key 'db.password' in PropertySource 'class path resource [dataBase.properties]' 20.05.2021 23:58:02
DEBUG PropertySourcesPropertyResolver - Found key 'db.password' in PropertySource 'class path resource [dataBase.properties]' with value of type String 20.05.2021 23:58:02
TRACE DefaultListableBeanFactory - Eagerly caching bean 'dataSource' to allow for resolving potential circular references 20.05.2021 23:58:02
TRACE DefaultListableBeanFactory - Finished creating instance of bean 'dataSource' 20.05.2021 23:58:02
DEBUG DefaultListableBeanFactory - Autowiring by type from bean name 'jdbcTemplate' via factory method to bean named 'dataSource' 20.05.2021 23:58:02
TRACE DefaultListableBeanFactory - Eagerly caching bean 'jdbcTemplate' to allow for resolving potential circular references 20.05.2021 23:58:02
TRACE DefaultListableBeanFactory - Invoking afterPropertiesSet() on bean with name 'jdbcTemplate' 20.05.2021 23:58:02
TRACE DefaultListableBeanFactory - Finished creating instance of bean 'jdbcTemplate' 20.05.2021 23:58:02
DEBUG DefaultListableBeanFactory - Autowiring by type from bean name 'dataBaseInit' via constructor to bean named 'jdbcTemplate' 20.05.2021 23:58:02
TRACE CommonAnnotationBeanPostProcessor - Found init method on class [com.chitts.config.DataBaseInit]: private void com.chitts.config.DataBaseInit.createTable() 20.05.2021 23:58:02
TRACE CommonAnnotationBeanPostProcessor - Found destroy method on class [com.chitts.config.DataBaseInit]: private void com.chitts.config.DataBaseInit.dropTable() 20.05.2021 23:58:02
TRACE CommonAnnotationBeanPostProcessor - Registered init method on class [com.chitts.config.DataBaseInit]: org.springframework.beans.factory.annotation.InitDestroyAnnotationBeanPostProcessor$LifecycleElement@334bdf49 20.05.2021 23:58:02
TRACE CommonAnnotationBeanPostProcessor - Registered destroy method on class [com.chitts.config.DataBaseInit]: org.springframework.beans.factory.annotation.InitDestroyAnnotationBeanPostProcessor$LifecycleElement@45cceaf6 20.05.2021 23:58:02
TRACE DefaultListableBeanFactory - Eagerly caching bean 'dataBaseInit' to allow for resolving potential circular references 20.05.2021 23:58:02
TRACE CommonAnnotationBeanPostProcessor - Invoking init method on bean 'dataBaseInit': private void com.chitts.config.DataBaseInit.createTable() 20.05.2021 23:58:02
DEBUG JdbcTemplate - Executing SQL update [DROP TABLE IF EXISTS employees;DROP TYPE IF EXISTS gender;CREATE TYPE gender AS ENUM ('MALE','FEMALE');CREATE TABLE employees(employee_id serial primary key,
                        first_name varchar NOT NULL,
                        last_name varchar NOT NULL,
                        department_id int,
                        job_title varchar,
                        gender varchar,
                        date_of_birth Date DEFAULT '01/01/1900' CHECK(date_of_birth < current_date ));] 20.05.2021 23:58:02
DEBUG DataSourceUtils - Fetching JDBC Connection from DataSource 20.05.2021 23:58:02
DEBUG DriverManagerDataSource - Creating new JDBC DriverManager Connection to [jdbc:postgresql://localhost:5432/first_db] 20.05.2021 23:58:02
TRACE JdbcTemplate - SQL update affected 0 rows 20.05.2021 23:58:03
DEBUG JdbcTemplate - SQLWarning ignored: SQL state '00000', error code '0', message [table "employees" does not exist, skipping] 20.05.2021 23:58:03
DEBUG JdbcTemplate - SQLWarning ignored: SQL state '00000', error code '0', message [type "gender" does not exist, skipping] 20.05.2021 23:58:03
DEBUG JdbcTemplate - Executing SQL update [INSERT into employees(first_name,last_name,department_id,job_title,gender,date_of_birth) values ('Bob','Marley',2,'singer','MALE','10/10/1990');INSERT into employees(first_name,last_name,department_id,job_title,gender,date_of_birth) values ('Viktor','Ivanov',2,'painter','MALE','09/22/1981');INSERT into employees(first_name,last_name,department_id,job_title,gender,date_of_birth) values ('Kate','Petrova',2,'teacher','FEMALE','10/25/1988');] 20.05.2021 23:58:03
DEBUG DataSourceUtils - Fetching JDBC Connection from DataSource 20.05.2021 23:58:03
DEBUG DriverManagerDataSource - Creating new JDBC DriverManager Connection to [jdbc:postgresql://localhost:5432/first_db] 20.05.2021 23:58:03
TRACE JdbcTemplate - SQL update affected 1 rows 20.05.2021 23:58:03
TRACE DefaultListableBeanFactory - Finished creating instance of bean 'dataBaseInit' 20.05.2021 23:58:03
DEBUG DefaultListableBeanFactory - Creating shared instance of singleton bean 'employeesController' 20.05.2021 23:58:03
TRACE DefaultListableBeanFactory - Creating instance of bean 'employeesController' 20.05.2021 23:58:03
DEBUG DefaultListableBeanFactory - Creating shared instance of singleton bean 'employeeServiceImpl' 20.05.2021 23:58:03
TRACE DefaultListableBeanFactory - Creating instance of bean 'employeeServiceImpl' 20.05.2021 23:58:03
DEBUG DefaultListableBeanFactory - Creating shared instance of singleton bean 'employeeDaoImpl' 20.05.2021 23:58:03
TRACE DefaultListableBeanFactory - Creating instance of bean 'employeeDaoImpl' 20.05.2021 23:58:03
TRACE DefaultListableBeanFactory - Returning cached instance of singleton bean 'jdbcTemplate' 20.05.2021 23:58:03
DEBUG DefaultListableBeanFactory - Autowiring by type from bean name 'employeeDaoImpl' via constructor to bean named 'jdbcTemplate' 20.05.2021 23:58:03
TRACE DefaultListableBeanFactory - Eagerly caching bean 'employeeDaoImpl' to allow for resolving potential circular references 20.05.2021 23:58:03
TRACE DefaultListableBeanFactory - Finished creating instance of bean 'employeeDaoImpl' 20.05.2021 23:58:03
DEBUG DefaultListableBeanFactory - Autowiring by type from bean name 'employeeServiceImpl' via constructor to bean named 'employeeDaoImpl' 20.05.2021 23:58:03
TRACE DefaultListableBeanFactory - Eagerly caching bean 'employeeServiceImpl' to allow for resolving potential circular references 20.05.2021 23:58:03
TRACE DefaultListableBeanFactory - Finished creating instance of bean 'employeeServiceImpl' 20.05.2021 23:58:03
DEBUG DefaultListableBeanFactory - Autowiring by type from bean name 'employeesController' via constructor to bean named 'employeeServiceImpl' 20.05.2021 23:58:03
TRACE DefaultListableBeanFactory - Eagerly caching bean 'employeesController' to allow for resolving potential circular references 20.05.2021 23:58:03
TRACE DefaultListableBeanFactory - Finished creating instance of bean 'employeesController' 20.05.2021 23:58:03
TRACE DefaultListableBeanFactory - Returning cached instance of singleton bean 'employeeDaoImpl' 20.05.2021 23:58:03
TRACE DefaultListableBeanFactory - Returning cached instance of singleton bean 'employeeServiceImpl' 20.05.2021 23:58:03
DEBUG DefaultListableBeanFactory - Creating shared instance of singleton bean 'org.springframework.web.servlet.config.annotation.DelegatingWebMvcConfiguration' 20.05.2021 23:58:03
TRACE DefaultListableBeanFactory - Creating instance of bean 'org.springframework.web.servlet.config.annotation.DelegatingWebMvcConfiguration' 20.05.2021 23:58:03
TRACE SpringFactoriesLoader - Loaded [org.springframework.beans.BeanInfoFactory] names: [org.springframework.beans.ExtendedBeanInfoFactory] 20.05.2021 23:58:03
TRACE CachedIntrospectionResults - Getting BeanInfo for class [org.springframework.web.servlet.config.annotation.DelegatingWebMvcConfiguration] 20.05.2021 23:58:03
TRACE CachedIntrospectionResults - Caching PropertyDescriptors for class [org.springframework.web.servlet.config.annotation.DelegatingWebMvcConfiguration] 20.05.2021 23:58:03
TRACE CachedIntrospectionResults - Found bean property 'applicationContext' of type [org.springframework.context.ApplicationContext] 20.05.2021 23:58:03
TRACE CachedIntrospectionResults - Found bean property 'class' of type [java.lang.Class] 20.05.2021 23:58:03
TRACE CachedIntrospectionResults - Found bean property 'configurers' of type [java.util.List] 20.05.2021 23:58:03
TRACE CachedIntrospectionResults - Found bean property 'servletContext' of type [javax.servlet.ServletContext] 20.05.2021 23:58:03
TRACE DefaultListableBeanFactory - Eagerly caching bean 'org.springframework.web.servlet.config.annotation.DelegatingWebMvcConfiguration' to allow for resolving potential circular references 20.05.2021 23:58:03
TRACE DefaultListableBeanFactory - Finished creating instance of bean 'org.springframework.web.servlet.config.annotation.DelegatingWebMvcConfiguration' 20.05.2021 23:58:03
DEBUG DefaultListableBeanFactory - Creating shared instance of singleton bean 'requestMappingHandlerMapping' 20.05.2021 23:58:03
TRACE DefaultListableBeanFactory - Creating instance of bean 'requestMappingHandlerMapping' 20.05.2021 23:58:03
TRACE DefaultListableBeanFactory - Returning cached instance of singleton bean 'org.springframework.web.servlet.config.annotation.DelegatingWebMvcConfiguration' 20.05.2021 23:58:03
DEBUG DefaultListableBeanFactory - Creating shared instance of singleton bean 'mvcContentNegotiationManager' 20.05.2021 23:58:03
TRACE DefaultListableBeanFactory - Creating instance of bean 'mvcContentNegotiationManager' 20.05.2021 23:58:03
TRACE DefaultListableBeanFactory - Returning cached instance of singleton bean 'org.springframework.web.servlet.config.annotation.DelegatingWebMvcConfiguration' 20.05.2021 23:58:03
TRACE DefaultListableBeanFactory - Eagerly caching bean 'mvcContentNegotiationManager' to allow for resolving potential circular references 20.05.2021 23:58:03
TRACE DefaultListableBeanFactory - Finished creating instance of bean 'mvcContentNegotiationManager' 20.05.2021 23:58:03
DEBUG DefaultListableBeanFactory - Creating shared instance of singleton bean 'mvcConversionService' 20.05.2021 23:58:03
TRACE DefaultListableBeanFactory - Creating instance of bean 'mvcConversionService' 20.05.2021 23:58:03
TRACE DefaultListableBeanFactory - Returning cached instance of singleton bean 'org.springframework.web.servlet.config.annotation.DelegatingWebMvcConfiguration' 20.05.2021 23:58:03
TRACE DefaultListableBeanFactory - Eagerly caching bean 'mvcConversionService' to allow for resolving potential circular references 20.05.2021 23:58:03
TRACE DefaultListableBeanFactory - Finished creating instance of bean 'mvcConversionService' 20.05.2021 23:58:03
DEBUG DefaultListableBeanFactory - Creating shared instance of singleton bean 'mvcResourceUrlProvider' 20.05.2021 23:58:03
TRACE DefaultListableBeanFactory - Creating instance of bean 'mvcResourceUrlProvider' 20.05.2021 23:58:03
TRACE DefaultListableBeanFactory - Returning cached instance of singleton bean 'org.springframework.web.servlet.config.annotation.DelegatingWebMvcConfiguration' 20.05.2021 23:58:03
TRACE DefaultListableBeanFactory - Eagerly caching bean 'mvcResourceUrlProvider' to allow for resolving potential circular references 20.05.2021 23:58:03
TRACE DefaultListableBeanFactory - Finished creating instance of bean 'mvcResourceUrlProvider' 20.05.2021 23:58:03
DEBUG DefaultListableBeanFactory - Autowiring by type from bean name 'requestMappingHandlerMapping' via factory method to bean named 'mvcContentNegotiationManager' 20.05.2021 23:58:03
DEBUG DefaultListableBeanFactory - Autowiring by type from bean name 'requestMappingHandlerMapping' via factory method to bean named 'mvcConversionService' 20.05.2021 23:58:03
DEBUG DefaultListableBeanFactory - Autowiring by type from bean name 'requestMappingHandlerMapping' via factory method to bean named 'mvcResourceUrlProvider' 20.05.2021 23:58:03
TRACE DefaultListableBeanFactory - Eagerly caching bean 'requestMappingHandlerMapping' to allow for resolving potential circular references 20.05.2021 23:58:03
TRACE DefaultListableBeanFactory - Invoking afterPropertiesSet() on bean with name 'requestMappingHandlerMapping' 20.05.2021 23:58:03
TRACE RequestMappingHandlerMapping - 
	c.c.c.EmployeesController:
	{PATCH [/employees/update/{id}]}: update(Employee,Long)
	{DELETE [/employees/delete/{id}]}: delete(Long)
	{POST [/employees/post]}: save(Employee)
	{GET [/employees]}: getAllEmployees()
	{GET [/employees/{id}]}: getById(Long) 20.05.2021 23:58:03
DEBUG RequestMappingHandlerMapping - 5 mappings in 'requestMappingHandlerMapping' 20.05.2021 23:58:03
TRACE DefaultListableBeanFactory - Finished creating instance of bean 'requestMappingHandlerMapping' 20.05.2021 23:58:03
DEBUG DefaultListableBeanFactory - Creating shared instance of singleton bean 'mvcUrlPathHelper' 20.05.2021 23:58:03
TRACE DefaultListableBeanFactory - Creating instance of bean 'mvcUrlPathHelper' 20.05.2021 23:58:03
TRACE DefaultListableBeanFactory - Returning cached instance of singleton bean 'org.springframework.web.servlet.config.annotation.DelegatingWebMvcConfiguration' 20.05.2021 23:58:03
TRACE DefaultListableBeanFactory - Eagerly caching bean 'mvcUrlPathHelper' to allow for resolving potential circular references 20.05.2021 23:58:03
TRACE DefaultListableBeanFactory - Finished creating instance of bean 'mvcUrlPathHelper' 20.05.2021 23:58:03
DEBUG DefaultListableBeanFactory - Creating shared instance of singleton bean 'mvcPathMatcher' 20.05.2021 23:58:03
TRACE DefaultListableBeanFactory - Creating instance of bean 'mvcPathMatcher' 20.05.2021 23:58:03
TRACE DefaultListableBeanFactory - Returning cached instance of singleton bean 'org.springframework.web.servlet.config.annotation.DelegatingWebMvcConfiguration' 20.05.2021 23:58:03
TRACE DefaultListableBeanFactory - Eagerly caching bean 'mvcPathMatcher' to allow for resolving potential circular references 20.05.2021 23:58:03
TRACE DefaultListableBeanFactory - Finished creating instance of bean 'mvcPathMatcher' 20.05.2021 23:58:03
TRACE DefaultListableBeanFactory - Returning cached instance of singleton bean 'mvcContentNegotiationManager' 20.05.2021 23:58:03
DEBUG DefaultListableBeanFactory - Creating shared instance of singleton bean 'viewControllerHandlerMapping' 20.05.2021 23:58:03
TRACE DefaultListableBeanFactory - Creating instance of bean 'viewControllerHandlerMapping' 20.05.2021 23:58:03
TRACE DefaultListableBeanFactory - Returning cached instance of singleton bean 'org.springframework.web.servlet.config.annotation.DelegatingWebMvcConfiguration' 20.05.2021 23:58:03
TRACE DefaultListableBeanFactory - Returning cached instance of singleton bean 'mvcConversionService' 20.05.2021 23:58:03
TRACE DefaultListableBeanFactory - Returning cached instance of singleton bean 'mvcResourceUrlProvider' 20.05.2021 23:58:03
DEBUG DefaultListableBeanFactory - Autowiring by type from bean name 'viewControllerHandlerMapping' via factory method to bean named 'mvcConversionService' 20.05.2021 23:58:03
DEBUG DefaultListableBeanFactory - Autowiring by type from bean name 'viewControllerHandlerMapping' via factory method to bean named 'mvcResourceUrlProvider' 20.05.2021 23:58:03
TRACE DefaultListableBeanFactory - Eagerly caching bean 'viewControllerHandlerMapping' to allow for resolving potential circular references 20.05.2021 23:58:03
TRACE DefaultListableBeanFactory - Finished creating instance of bean 'viewControllerHandlerMapping' 20.05.2021 23:58:03
DEBUG DefaultListableBeanFactory - Creating shared instance of singleton bean 'beanNameHandlerMapping' 20.05.2021 23:58:03
TRACE DefaultListableBeanFactory - Creating instance of bean 'beanNameHandlerMapping' 20.05.2021 23:58:03
TRACE DefaultListableBeanFactory - Returning cached instance of singleton bean 'org.springframework.web.servlet.config.annotation.DelegatingWebMvcConfiguration' 20.05.2021 23:58:03
TRACE DefaultListableBeanFactory - Returning cached instance of singleton bean 'mvcConversionService' 20.05.2021 23:58:03
TRACE DefaultListableBeanFactory - Returning cached instance of singleton bean 'mvcResourceUrlProvider' 20.05.2021 23:58:03
DEBUG DefaultListableBeanFactory - Autowiring by type from bean name 'beanNameHandlerMapping' via factory method to bean named 'mvcConversionService' 20.05.2021 23:58:03
DEBUG DefaultListableBeanFactory - Autowiring by type from bean name 'beanNameHandlerMapping' via factory method to bean named 'mvcResourceUrlProvider' 20.05.2021 23:58:03
TRACE DefaultListableBeanFactory - Eagerly caching bean 'beanNameHandlerMapping' to allow for resolving potential circular references 20.05.2021 23:58:03
DEBUG BeanNameUrlHandlerMapping - Detected 0 mappings in 'beanNameHandlerMapping' 20.05.2021 23:58:03
TRACE DefaultListableBeanFactory - Finished creating instance of bean 'beanNameHandlerMapping' 20.05.2021 23:58:03
DEBUG DefaultListableBeanFactory - Creating shared instance of singleton bean 'routerFunctionMapping' 20.05.2021 23:58:03
TRACE DefaultListableBeanFactory - Creating instance of bean 'routerFunctionMapping' 20.05.2021 23:58:03
TRACE DefaultListableBeanFactory - Returning cached instance of singleton bean 'org.springframework.web.servlet.config.annotation.DelegatingWebMvcConfiguration' 20.05.2021 23:58:03
TRACE DefaultListableBeanFactory - Returning cached instance of singleton bean 'mvcConversionService' 20.05.2021 23:58:03
TRACE DefaultListableBeanFactory - Returning cached instance of singleton bean 'mvcResourceUrlProvider' 20.05.2021 23:58:03
DEBUG DefaultListableBeanFactory - Autowiring by type from bean name 'routerFunctionMapping' via factory method to bean named 'mvcConversionService' 20.05.2021 23:58:03
DEBUG DefaultListableBeanFactory - Autowiring by type from bean name 'routerFunctionMapping' via factory method to bean named 'mvcResourceUrlProvider' 20.05.2021 23:58:03
TRACE DefaultListableBeanFactory - Eagerly caching bean 'routerFunctionMapping' to allow for resolving potential circular references 20.05.2021 23:58:03
TRACE DefaultListableBeanFactory - Invoking afterPropertiesSet() on bean with name 'routerFunctionMapping' 20.05.2021 23:58:03
TRACE DefaultListableBeanFactory - Finished creating instance of bean 'routerFunctionMapping' 20.05.2021 23:58:03
DEBUG DefaultListableBeanFactory - Creating shared instance of singleton bean 'resourceHandlerMapping' 20.05.2021 23:58:03
TRACE DefaultListableBeanFactory - Creating instance of bean 'resourceHandlerMapping' 20.05.2021 23:58:03
TRACE DefaultListableBeanFactory - Returning cached instance of singleton bean 'org.springframework.web.servlet.config.annotation.DelegatingWebMvcConfiguration' 20.05.2021 23:58:03
TRACE DefaultListableBeanFactory - Returning cached instance of singleton bean 'mvcContentNegotiationManager' 20.05.2021 23:58:03
TRACE DefaultListableBeanFactory - Returning cached instance of singleton bean 'mvcConversionService' 20.05.2021 23:58:03
TRACE DefaultListableBeanFactory - Returning cached instance of singleton bean 'mvcResourceUrlProvider' 20.05.2021 23:58:03
DEBUG DefaultListableBeanFactory - Autowiring by type from bean name 'resourceHandlerMapping' via factory method to bean named 'mvcContentNegotiationManager' 20.05.2021 23:58:03
DEBUG DefaultListableBeanFactory - Autowiring by type from bean name 'resourceHandlerMapping' via factory method to bean named 'mvcConversionService' 20.05.2021 23:58:03
DEBUG DefaultListableBeanFactory - Autowiring by type from bean name 'resourceHandlerMapping' via factory method to bean named 'mvcResourceUrlProvider' 20.05.2021 23:58:03
TRACE DefaultListableBeanFactory - Eagerly caching bean 'resourceHandlerMapping' to allow for resolving potential circular references 20.05.2021 23:58:03
TRACE DefaultListableBeanFactory - Finished creating instance of bean 'resourceHandlerMapping' 20.05.2021 23:58:03
TRACE DefaultListableBeanFactory - Returning cached instance of singleton bean 'mvcResourceUrlProvider' 20.05.2021 23:58:03
DEBUG DefaultListableBeanFactory - Creating shared instance of singleton bean 'defaultServletHandlerMapping' 20.05.2021 23:58:03
TRACE DefaultListableBeanFactory - Creating instance of bean 'defaultServletHandlerMapping' 20.05.2021 23:58:03
TRACE DefaultListableBeanFactory - Returning cached instance of singleton bean 'org.springframework.web.servlet.config.annotation.DelegatingWebMvcConfiguration' 20.05.2021 23:58:03
TRACE DefaultListableBeanFactory - Eagerly caching bean 'defaultServletHandlerMapping' to allow for resolving potential circular references 20.05.2021 23:58:03
TRACE DefaultListableBeanFactory - Finished creating instance of bean 'defaultServletHandlerMapping' 20.05.2021 23:58:03
DEBUG DefaultListableBeanFactory - Creating shared instance of singleton bean 'requestMappingHandlerAdapter' 20.05.2021 23:58:03
TRACE DefaultListableBeanFactory - Creating instance of bean 'requestMappingHandlerAdapter' 20.05.2021 23:58:03
TRACE DefaultListableBeanFactory - Returning cached instance of singleton bean 'org.springframework.web.servlet.config.annotation.DelegatingWebMvcConfiguration' 20.05.2021 23:58:03
TRACE DefaultListableBeanFactory - Returning cached instance of singleton bean 'mvcContentNegotiationManager' 20.05.2021 23:58:03
TRACE DefaultListableBeanFactory - Returning cached instance of singleton bean 'mvcConversionService' 20.05.2021 23:58:03
DEBUG DefaultListableBeanFactory - Creating shared instance of singleton bean 'mvcValidator' 20.05.2021 23:58:03
TRACE DefaultListableBeanFactory - Creating instance of bean 'mvcValidator' 20.05.2021 23:58:03
TRACE DefaultListableBeanFactory - Returning cached instance of singleton bean 'org.springframework.web.servlet.config.annotation.DelegatingWebMvcConfiguration' 20.05.2021 23:58:03
TRACE DefaultListableBeanFactory - Eagerly caching bean 'mvcValidator' to allow for resolving potential circular references 20.05.2021 23:58:03
TRACE DefaultListableBeanFactory - Finished creating instance of bean 'mvcValidator' 20.05.2021 23:58:03
DEBUG DefaultListableBeanFactory - Autowiring by type from bean name 'requestMappingHandlerAdapter' via factory method to bean named 'mvcContentNegotiationManager' 20.05.2021 23:58:03
DEBUG DefaultListableBeanFactory - Autowiring by type from bean name 'requestMappingHandlerAdapter' via factory method to bean named 'mvcConversionService' 20.05.2021 23:58:03
DEBUG DefaultListableBeanFactory - Autowiring by type from bean name 'requestMappingHandlerAdapter' via factory method to bean named 'mvcValidator' 20.05.2021 23:58:03
TRACE DefaultListableBeanFactory - Eagerly caching bean 'requestMappingHandlerAdapter' to allow for resolving potential circular references 20.05.2021 23:58:03
TRACE DefaultListableBeanFactory - Invoking afterPropertiesSet() on bean with name 'requestMappingHandlerAdapter' 20.05.2021 23:58:03
DEBUG RequestMappingHandlerAdapter - ControllerAdvice beans: 0 @ModelAttribute, 0 @InitBinder, 1 RequestBodyAdvice, 1 ResponseBodyAdvice 20.05.2021 23:58:03
TRACE DefaultListableBeanFactory - Finished creating instance of bean 'requestMappingHandlerAdapter' 20.05.2021 23:58:03
DEBUG DefaultListableBeanFactory - Creating shared instance of singleton bean 'handlerFunctionAdapter' 20.05.2021 23:58:03
TRACE DefaultListableBeanFactory - Creating instance of bean 'handlerFunctionAdapter' 20.05.2021 23:58:03
TRACE DefaultListableBeanFactory - Returning cached instance of singleton bean 'org.springframework.web.servlet.config.annotation.DelegatingWebMvcConfiguration' 20.05.2021 23:58:03
TRACE DefaultListableBeanFactory - Eagerly caching bean 'handlerFunctionAdapter' to allow for resolving potential circular references 20.05.2021 23:58:03
TRACE DefaultListableBeanFactory - Finished creating instance of bean 'handlerFunctionAdapter' 20.05.2021 23:58:03
TRACE DefaultListableBeanFactory - Returning cached instance of singleton bean 'mvcConversionService' 20.05.2021 23:58:03
TRACE DefaultListableBeanFactory - Returning cached instance of singleton bean 'mvcValidator' 20.05.2021 23:58:03
DEBUG DefaultListableBeanFactory - Creating shared instance of singleton bean 'mvcUriComponentsContributor' 20.05.2021 23:58:03
TRACE DefaultListableBeanFactory - Creating instance of bean 'mvcUriComponentsContributor' 20.05.2021 23:58:03
TRACE DefaultListableBeanFactory - Returning cached instance of singleton bean 'org.springframework.web.servlet.config.annotation.DelegatingWebMvcConfiguration' 20.05.2021 23:58:03
TRACE DefaultListableBeanFactory - Returning cached instance of singleton bean 'mvcConversionService' 20.05.2021 23:58:03
TRACE DefaultListableBeanFactory - Returning cached instance of singleton bean 'requestMappingHandlerAdapter' 20.05.2021 23:58:03
DEBUG DefaultListableBeanFactory - Autowiring by type from bean name 'mvcUriComponentsContributor' via factory method to bean named 'mvcConversionService' 20.05.2021 23:58:03
DEBUG DefaultListableBeanFactory - Autowiring by type from bean name 'mvcUriComponentsContributor' via factory method to bean named 'requestMappingHandlerAdapter' 20.05.2021 23:58:03
TRACE DefaultListableBeanFactory - Eagerly caching bean 'mvcUriComponentsContributor' to allow for resolving potential circular references 20.05.2021 23:58:03
TRACE DefaultListableBeanFactory - Finished creating instance of bean 'mvcUriComponentsContributor' 20.05.2021 23:58:03
DEBUG DefaultListableBeanFactory - Creating shared instance of singleton bean 'httpRequestHandlerAdapter' 20.05.2021 23:58:03
TRACE DefaultListableBeanFactory - Creating instance of bean 'httpRequestHandlerAdapter' 20.05.2021 23:58:03
TRACE DefaultListableBeanFactory - Returning cached instance of singleton bean 'org.springframework.web.servlet.config.annotation.DelegatingWebMvcConfiguration' 20.05.2021 23:58:03
TRACE DefaultListableBeanFactory - Eagerly caching bean 'httpRequestHandlerAdapter' to allow for resolving potential circular references 20.05.2021 23:58:03
TRACE DefaultListableBeanFactory - Finished creating instance of bean 'httpRequestHandlerAdapter' 20.05.2021 23:58:03
DEBUG DefaultListableBeanFactory - Creating shared instance of singleton bean 'simpleControllerHandlerAdapter' 20.05.2021 23:58:03
TRACE DefaultListableBeanFactory - Creating instance of bean 'simpleControllerHandlerAdapter' 20.05.2021 23:58:03
TRACE DefaultListableBeanFactory - Returning cached instance of singleton bean 'org.springframework.web.servlet.config.annotation.DelegatingWebMvcConfiguration' 20.05.2021 23:58:03
TRACE DefaultListableBeanFactory - Eagerly caching bean 'simpleControllerHandlerAdapter' to allow for resolving potential circular references 20.05.2021 23:58:03
TRACE DefaultListableBeanFactory - Finished creating instance of bean 'simpleControllerHandlerAdapter' 20.05.2021 23:58:03
DEBUG DefaultListableBeanFactory - Creating shared instance of singleton bean 'handlerExceptionResolver' 20.05.2021 23:58:03
TRACE DefaultListableBeanFactory - Creating instance of bean 'handlerExceptionResolver' 20.05.2021 23:58:03
TRACE DefaultListableBeanFactory - Returning cached instance of singleton bean 'org.springframework.web.servlet.config.annotation.DelegatingWebMvcConfiguration' 20.05.2021 23:58:03
TRACE DefaultListableBeanFactory - Returning cached instance of singleton bean 'mvcContentNegotiationManager' 20.05.2021 23:58:03
DEBUG DefaultListableBeanFactory - Autowiring by type from bean name 'handlerExceptionResolver' via factory method to bean named 'mvcContentNegotiationManager' 20.05.2021 23:58:03
DEBUG ExceptionHandlerExceptionResolver - ControllerAdvice beans: 0 @ExceptionHandler, 1 ResponseBodyAdvice 20.05.2021 23:58:03
TRACE DefaultListableBeanFactory - Eagerly caching bean 'handlerExceptionResolver' to allow for resolving potential circular references 20.05.2021 23:58:03
TRACE DefaultListableBeanFactory - Finished creating instance of bean 'handlerExceptionResolver' 20.05.2021 23:58:03
DEBUG DefaultListableBeanFactory - Creating shared instance of singleton bean 'mvcViewResolver' 20.05.2021 23:58:03
TRACE DefaultListableBeanFactory - Creating instance of bean 'mvcViewResolver' 20.05.2021 23:58:03
TRACE DefaultListableBeanFactory - Returning cached instance of singleton bean 'org.springframework.web.servlet.config.annotation.DelegatingWebMvcConfiguration' 20.05.2021 23:58:03
TRACE DefaultListableBeanFactory - Returning cached instance of singleton bean 'mvcContentNegotiationManager' 20.05.2021 23:58:03
DEBUG DefaultListableBeanFactory - Autowiring by type from bean name 'mvcViewResolver' via factory method to bean named 'mvcContentNegotiationManager' 20.05.2021 23:58:03
TRACE DefaultListableBeanFactory - Eagerly caching bean 'mvcViewResolver' to allow for resolving potential circular references 20.05.2021 23:58:03
TRACE DefaultListableBeanFactory - Invoking afterPropertiesSet() on bean with name 'mvcViewResolver' 20.05.2021 23:58:03
TRACE DefaultListableBeanFactory - Finished creating instance of bean 'mvcViewResolver' 20.05.2021 23:58:03
DEBUG DefaultListableBeanFactory - Creating shared instance of singleton bean 'localeResolver' 20.05.2021 23:58:03
TRACE DefaultListableBeanFactory - Creating instance of bean 'localeResolver' 20.05.2021 23:58:03
TRACE DefaultListableBeanFactory - Returning cached instance of singleton bean 'org.springframework.web.servlet.config.annotation.DelegatingWebMvcConfiguration' 20.05.2021 23:58:03
TRACE DefaultListableBeanFactory - Eagerly caching bean 'localeResolver' to allow for resolving potential circular references 20.05.2021 23:58:03
TRACE DefaultListableBeanFactory - Finished creating instance of bean 'localeResolver' 20.05.2021 23:58:03
DEBUG DefaultListableBeanFactory - Creating shared instance of singleton bean 'themeResolver' 20.05.2021 23:58:03
TRACE DefaultListableBeanFactory - Creating instance of bean 'themeResolver' 20.05.2021 23:58:03
TRACE DefaultListableBeanFactory - Returning cached instance of singleton bean 'org.springframework.web.servlet.config.annotation.DelegatingWebMvcConfiguration' 20.05.2021 23:58:03
TRACE DefaultListableBeanFactory - Eagerly caching bean 'themeResolver' to allow for resolving potential circular references 20.05.2021 23:58:03
TRACE DefaultListableBeanFactory - Finished creating instance of bean 'themeResolver' 20.05.2021 23:58:03
DEBUG DefaultListableBeanFactory - Creating shared instance of singleton bean 'flashMapManager' 20.05.2021 23:58:03
TRACE DefaultListableBeanFactory - Creating instance of bean 'flashMapManager' 20.05.2021 23:58:03
TRACE DefaultListableBeanFactory - Returning cached instance of singleton bean 'org.springframework.web.servlet.config.annotation.DelegatingWebMvcConfiguration' 20.05.2021 23:58:03
TRACE DefaultListableBeanFactory - Eagerly caching bean 'flashMapManager' to allow for resolving potential circular references 20.05.2021 23:58:03
TRACE DefaultListableBeanFactory - Finished creating instance of bean 'flashMapManager' 20.05.2021 23:58:03
DEBUG DefaultListableBeanFactory - Creating shared instance of singleton bean 'viewNameTranslator' 20.05.2021 23:58:03
TRACE DefaultListableBeanFactory - Creating instance of bean 'viewNameTranslator' 20.05.2021 23:58:03
TRACE DefaultListableBeanFactory - Returning cached instance of singleton bean 'org.springframework.web.servlet.config.annotation.DelegatingWebMvcConfiguration' 20.05.2021 23:58:03
TRACE DefaultListableBeanFactory - Eagerly caching bean 'viewNameTranslator' to allow for resolving potential circular references 20.05.2021 23:58:03
TRACE DefaultListableBeanFactory - Finished creating instance of bean 'viewNameTranslator' 20.05.2021 23:58:03
TRACE DefaultListableBeanFactory - Returning cached instance of singleton bean 'jdbcTemplate' 20.05.2021 23:58:03
TRACE DefaultListableBeanFactory - Returning cached instance of singleton bean 'dataSource' 20.05.2021 23:58:03
TRACE EventListenerMethodProcessor - No @EventListener annotations found on bean class: com.chitts.config.AppInitializer$$EnhancerBySpringCGLIB$$e9639397 20.05.2021 23:58:03
TRACE EventListenerMethodProcessor - No @EventListener annotations found on bean class: com.chitts.config.DataSourceConfig$$EnhancerBySpringCGLIB$$945215dd 20.05.2021 23:58:03
TRACE EventListenerMethodProcessor - No @EventListener annotations found on bean class: com.chitts.config.DataBaseInit 20.05.2021 23:58:03
TRACE EventListenerMethodProcessor - No @EventListener annotations found on bean class: com.chitts.controllers.EmployeesController 20.05.2021 23:58:03
TRACE EventListenerMethodProcessor - No @EventListener annotations found on bean class: com.chitts.dao.impl.EmployeeDaoImpl 20.05.2021 23:58:03
TRACE EventListenerMethodProcessor - No @EventListener annotations found on bean class: com.chitts.service.impl.EmployeeServiceImpl 20.05.2021 23:58:03
TRACE EventListenerMethodProcessor - No @EventListener annotations found on bean class: org.springframework.web.servlet.config.annotation.DelegatingWebMvcConfiguration 20.05.2021 23:58:03
TRACE EventListenerMethodProcessor - No @EventListener annotations found on bean class: org.apache.catalina.core.StandardContext$NoPluggabilityServletContext 20.05.2021 23:58:03
TRACE AnnotationConfigWebApplicationContext - No 'lifecycleProcessor' bean, using [DefaultLifecycleProcessor] 20.05.2021 23:58:03
TRACE DefaultListableBeanFactory - Returning cached instance of singleton bean 'lifecycleProcessor' 20.05.2021 23:58:03
TRACE DefaultListableBeanFactory - Returning cached instance of singleton bean 'mvcResourceUrlProvider' 20.05.2021 23:58:03
TRACE ResourceUrlProvider - No resource handling mappings found 20.05.2021 23:58:03
TRACE PropertySourcesPropertyResolver - Searching for key 'spring.liveBeansView.mbeanDomain' in PropertySource 'servletConfigInitParams' 20.05.2021 23:58:03
TRACE PropertySourcesPropertyResolver - Searching for key 'spring.liveBeansView.mbeanDomain' in PropertySource 'servletContextInitParams' 20.05.2021 23:58:03
TRACE PropertySourcesPropertyResolver - Searching for key 'spring.liveBeansView.mbeanDomain' in PropertySource 'jndiProperties' 20.05.2021 23:58:03
DEBUG JndiTemplate - Looking up JNDI object with name [java:comp/env/spring.liveBeansView.mbeanDomain] 20.05.2021 23:58:03
DEBUG JndiLocatorDelegate - Converted JNDI name [java:comp/env/spring.liveBeansView.mbeanDomain] not found - trying original name [spring.liveBeansView.mbeanDomain]. javax.naming.NameNotFoundException: Name [spring.liveBeansView.mbeanDomain] is not bound in this Context. Unable to find [spring.liveBeansView.mbeanDomain]. 20.05.2021 23:58:03
DEBUG JndiTemplate - Looking up JNDI object with name [spring.liveBeansView.mbeanDomain] 20.05.2021 23:58:03
DEBUG JndiPropertySource - JNDI lookup for name [spring.liveBeansView.mbeanDomain] threw NamingException with message: Name [spring.liveBeansView.mbeanDomain] is not bound in this Context. Unable to find [spring.liveBeansView.mbeanDomain].. Returning null. 20.05.2021 23:58:03
TRACE PropertySourcesPropertyResolver - Searching for key 'spring.liveBeansView.mbeanDomain' in PropertySource 'systemProperties' 20.05.2021 23:58:03
TRACE PropertySourcesPropertyResolver - Searching for key 'spring.liveBeansView.mbeanDomain' in PropertySource 'systemEnvironment' 20.05.2021 23:58:03
TRACE PropertySourcesPropertyResolver - Searching for key 'spring.liveBeansView.mbeanDomain' in PropertySource 'class path resource [dataBase.properties]' 20.05.2021 23:58:03
TRACE PropertySourcesPropertyResolver - Could not find key 'spring.liveBeansView.mbeanDomain' in any property source 20.05.2021 23:58:03
INFO  ContextLoader - Root WebApplicationContext initialized in 1990 ms 20.05.2021 23:58:03
DEBUG HiddenHttpMethodFilter - Filter 'hiddenHttpMethodFilter' configured for use 20.05.2021 23:58:03
INFO  DispatcherServlet - Initializing Servlet 'dispatcher' 20.05.2021 23:58:03
TRACE PropertySourcesPropertyResolver - Searching for key 'spring.profiles.active' in PropertySource 'servletConfigInitParams' 20.05.2021 23:58:03
TRACE PropertySourcesPropertyResolver - Searching for key 'spring.profiles.active' in PropertySource 'servletContextInitParams' 20.05.2021 23:58:03
TRACE PropertySourcesPropertyResolver - Searching for key 'spring.profiles.active' in PropertySource 'jndiProperties' 20.05.2021 23:58:03
DEBUG JndiTemplate - Looking up JNDI object with name [java:comp/env/spring.profiles.active] 20.05.2021 23:58:03
DEBUG JndiLocatorDelegate - Converted JNDI name [java:comp/env/spring.profiles.active] not found - trying original name [spring.profiles.active]. javax.naming.NameNotFoundException: Name [spring.profiles.active] is not bound in this Context. Unable to find [spring.profiles.active]. 20.05.2021 23:58:03
DEBUG JndiTemplate - Looking up JNDI object with name [spring.profiles.active] 20.05.2021 23:58:03
DEBUG JndiPropertySource - JNDI lookup for name [spring.profiles.active] threw NamingException with message: Name [spring.profiles.active] is not bound in this Context. Unable to find [spring.profiles.active].. Returning null. 20.05.2021 23:58:03
TRACE PropertySourcesPropertyResolver - Searching for key 'spring.profiles.active' in PropertySource 'systemProperties' 20.05.2021 23:58:03
TRACE PropertySourcesPropertyResolver - Searching for key 'spring.profiles.active' in PropertySource 'systemEnvironment' 20.05.2021 23:58:03
TRACE PropertySourcesPropertyResolver - Searching for key 'spring.profiles.active' in PropertySource 'class path resource [dataBase.properties]' 20.05.2021 23:58:03
TRACE PropertySourcesPropertyResolver - Could not find key 'spring.profiles.active' in any property source 20.05.2021 23:58:03
TRACE PropertySourcesPropertyResolver - Searching for key 'spring.profiles.default' in PropertySource 'servletConfigInitParams' 20.05.2021 23:58:03
TRACE PropertySourcesPropertyResolver - Searching for key 'spring.profiles.default' in PropertySource 'servletContextInitParams' 20.05.2021 23:58:03
TRACE PropertySourcesPropertyResolver - Searching for key 'spring.profiles.default' in PropertySource 'jndiProperties' 20.05.2021 23:58:03
DEBUG JndiTemplate - Looking up JNDI object with name [java:comp/env/spring.profiles.default] 20.05.2021 23:58:03
DEBUG JndiLocatorDelegate - Converted JNDI name [java:comp/env/spring.profiles.default] not found - trying original name [spring.profiles.default]. javax.naming.NameNotFoundException: Name [spring.profiles.default] is not bound in this Context. Unable to find [spring.profiles.default]. 20.05.2021 23:58:03
DEBUG JndiTemplate - Looking up JNDI object with name [spring.profiles.default] 20.05.2021 23:58:03
DEBUG JndiPropertySource - JNDI lookup for name [spring.profiles.default] threw NamingException with message: Name [spring.profiles.default] is not bound in this Context. Unable to find [spring.profiles.default].. Returning null. 20.05.2021 23:58:03
TRACE PropertySourcesPropertyResolver - Searching for key 'spring.profiles.default' in PropertySource 'systemProperties' 20.05.2021 23:58:03
TRACE PropertySourcesPropertyResolver - Searching for key 'spring.profiles.default' in PropertySource 'systemEnvironment' 20.05.2021 23:58:03
TRACE PropertySourcesPropertyResolver - Searching for key 'spring.profiles.default' in PropertySource 'class path resource [dataBase.properties]' 20.05.2021 23:58:03
TRACE PropertySourcesPropertyResolver - Could not find key 'spring.profiles.default' in any property source 20.05.2021 23:58:03
TRACE AnnotationConfigWebApplicationContext - Refreshing WebApplicationContext for namespace 'dispatcher-servlet', started on Thu May 20 23:58:03 MSK 2021, parent: Root WebApplicationContext 20.05.2021 23:58:03
TRACE ClassPathBeanDefinitionScanner - JSR-250 'javax.annotation.ManagedBean' found and supported for component scanning 20.05.2021 23:58:03
TRACE DefaultListableBeanFactory - Registering scope 'request' with implementation [org.springframework.web.context.request.RequestScope@5fd52246] 20.05.2021 23:58:03
TRACE DefaultListableBeanFactory - Registering scope 'session' with implementation [org.springframework.web.context.request.SessionScope@7c4c33e] 20.05.2021 23:58:03
TRACE DefaultListableBeanFactory - Registering scope 'application' with implementation [org.springframework.web.context.support.ServletContextScope@10d7af42] 20.05.2021 23:58:03
DEBUG DefaultListableBeanFactory - Creating shared instance of singleton bean 'org.springframework.context.annotation.internalConfigurationAnnotationProcessor' 20.05.2021 23:58:03
TRACE DefaultListableBeanFactory - Creating instance of bean 'org.springframework.context.annotation.internalConfigurationAnnotationProcessor' 20.05.2021 23:58:03
TRACE DefaultListableBeanFactory - Eagerly caching bean 'org.springframework.context.annotation.internalConfigurationAnnotationProcessor' to allow for resolving potential circular references 20.05.2021 23:58:03
TRACE DefaultListableBeanFactory - Finished creating instance of bean 'org.springframework.context.annotation.internalConfigurationAnnotationProcessor' 20.05.2021 23:58:03
DEBUG DefaultListableBeanFactory - Creating shared instance of singleton bean 'org.springframework.context.event.internalEventListenerProcessor' 20.05.2021 23:58:03
TRACE DefaultListableBeanFactory - Creating instance of bean 'org.springframework.context.event.internalEventListenerProcessor' 20.05.2021 23:58:03
TRACE DefaultListableBeanFactory - Eagerly caching bean 'org.springframework.context.event.internalEventListenerProcessor' to allow for resolving potential circular references 20.05.2021 23:58:03
TRACE DefaultListableBeanFactory - Finished creating instance of bean 'org.springframework.context.event.internalEventListenerProcessor' 20.05.2021 23:58:03
DEBUG DefaultListableBeanFactory - Creating shared instance of singleton bean 'org.springframework.context.event.internalEventListenerFactory' 20.05.2021 23:58:03
TRACE DefaultListableBeanFactory - Creating instance of bean 'org.springframework.context.event.internalEventListenerFactory' 20.05.2021 23:58:03
TRACE DefaultListableBeanFactory - Eagerly caching bean 'org.springframework.context.event.internalEventListenerFactory' to allow for resolving potential circular references 20.05.2021 23:58:03
TRACE DefaultListableBeanFactory - Finished creating instance of bean 'org.springframework.context.event.internalEventListenerFactory' 20.05.2021 23:58:03
DEBUG DefaultListableBeanFactory - Creating shared instance of singleton bean 'org.springframework.context.annotation.internalAutowiredAnnotationProcessor' 20.05.2021 23:58:03
TRACE DefaultListableBeanFactory - Creating instance of bean 'org.springframework.context.annotation.internalAutowiredAnnotationProcessor' 20.05.2021 23:58:03
TRACE DefaultListableBeanFactory - Eagerly caching bean 'org.springframework.context.annotation.internalAutowiredAnnotationProcessor' to allow for resolving potential circular references 20.05.2021 23:58:03
TRACE DefaultListableBeanFactory - Finished creating instance of bean 'org.springframework.context.annotation.internalAutowiredAnnotationProcessor' 20.05.2021 23:58:03
DEBUG DefaultListableBeanFactory - Creating shared instance of singleton bean 'org.springframework.context.annotation.internalCommonAnnotationProcessor' 20.05.2021 23:58:03
TRACE DefaultListableBeanFactory - Creating instance of bean 'org.springframework.context.annotation.internalCommonAnnotationProcessor' 20.05.2021 23:58:03
TRACE DefaultListableBeanFactory - Eagerly caching bean 'org.springframework.context.annotation.internalCommonAnnotationProcessor' to allow for resolving potential circular references 20.05.2021 23:58:03
TRACE DefaultListableBeanFactory - Finished creating instance of bean 'org.springframework.context.annotation.internalCommonAnnotationProcessor' 20.05.2021 23:58:03
TRACE AnnotationConfigWebApplicationContext - No 'messageSource' bean, using [Empty MessageSource] 20.05.2021 23:58:03
TRACE AnnotationConfigWebApplicationContext - No 'applicationEventMulticaster' bean, using [SimpleApplicationEventMulticaster] 20.05.2021 23:58:03
DEBUG UiApplicationContextUtils - Unable to locate ThemeSource with name 'themeSource': using default [org.springframework.ui.context.support.DelegatingThemeSource@4cd44896] 20.05.2021 23:58:03
TRACE DefaultListableBeanFactory - Pre-instantiating singletons in org.springframework.beans.factory.support.DefaultListableBeanFactory@3d2700b5: defining beans [org.springframework.context.annotation.internalConfigurationAnnotationProcessor,org.springframework.context.annotation.internalAutowiredAnnotationProcessor,org.springframework.context.annotation.internalCommonAnnotationProcessor,org.springframework.context.event.internalEventListenerProcessor,org.springframework.context.event.internalEventListenerFactory]; parent: org.springframework.beans.factory.support.DefaultListableBeanFactory@453cf307 20.05.2021 23:58:03
TRACE DefaultListableBeanFactory - Returning cached instance of singleton bean 'org.springframework.context.annotation.internalConfigurationAnnotationProcessor' 20.05.2021 23:58:03
TRACE DefaultListableBeanFactory - Returning cached instance of singleton bean 'org.springframework.context.annotation.internalAutowiredAnnotationProcessor' 20.05.2021 23:58:03
TRACE DefaultListableBeanFactory - Returning cached instance of singleton bean 'org.springframework.context.annotation.internalCommonAnnotationProcessor' 20.05.2021 23:58:03
TRACE DefaultListableBeanFactory - Returning cached instance of singleton bean 'org.springframework.context.event.internalEventListenerProcessor' 20.05.2021 23:58:03
TRACE DefaultListableBeanFactory - Returning cached instance of singleton bean 'org.springframework.context.event.internalEventListenerFactory' 20.05.2021 23:58:03
TRACE EventListenerMethodProcessor - No @EventListener annotations found on bean class: org.apache.catalina.core.StandardWrapperFacade 20.05.2021 23:58:03
TRACE AnnotationConfigWebApplicationContext - No 'lifecycleProcessor' bean, using [DefaultLifecycleProcessor] 20.05.2021 23:58:03
TRACE DefaultListableBeanFactory - Returning cached instance of singleton bean 'lifecycleProcessor' 20.05.2021 23:58:03
TRACE DefaultListableBeanFactory - No bean named 'multipartResolver' found in org.springframework.beans.factory.support.DefaultListableBeanFactory@453cf307: defining beans [org.springframework.context.annotation.internalConfigurationAnnotationProcessor,org.springframework.context.annotation.internalAutowiredAnnotationProcessor,org.springframework.context.annotation.internalCommonAnnotationProcessor,org.springframework.context.event.internalEventListenerProcessor,org.springframework.context.event.internalEventListenerFactory,appInitializer,dataSourceConfig,dataBaseInit,employeesController,employeeDaoImpl,employeeServiceImpl,org.springframework.web.servlet.config.annotation.DelegatingWebMvcConfiguration,requestMappingHandlerMapping,mvcUrlPathHelper,mvcPathMatcher,mvcContentNegotiationManager,viewControllerHandlerMapping,beanNameHandlerMapping,routerFunctionMapping,resourceHandlerMapping,mvcResourceUrlProvider,defaultServletHandlerMapping,requestMappingHandlerAdapter,handlerFunctionAdapter,mvcConversionService,mvcValidator,mvcUriComponentsContributor,httpRequestHandlerAdapter,simpleControllerHandlerAdapter,handlerExceptionResolver,mvcViewResolver,mvcHandlerMappingIntrospector,localeResolver,themeResolver,flashMapManager,viewNameTranslator,jdbcTemplate,dataSource]; root of factory hierarchy 20.05.2021 23:58:03
TRACE DispatcherServlet - No MultipartResolver 'multipartResolver' declared 20.05.2021 23:58:03
TRACE DefaultListableBeanFactory - Returning cached instance of singleton bean 'localeResolver' 20.05.2021 23:58:03
TRACE DispatcherServlet - Detected org.springframework.web.servlet.i18n.AcceptHeaderLocaleResolver@49a10547 20.05.2021 23:58:03
TRACE DefaultListableBeanFactory - Returning cached instance of singleton bean 'themeResolver' 20.05.2021 23:58:03
TRACE DispatcherServlet - Detected org.springframework.web.servlet.theme.FixedThemeResolver@6f28956 20.05.2021 23:58:03
TRACE DefaultListableBeanFactory - Returning cached instance of singleton bean 'requestMappingHandlerMapping' 20.05.2021 23:58:03
TRACE DefaultListableBeanFactory - Returning cached instance of singleton bean 'viewControllerHandlerMapping' 20.05.2021 23:58:03
TRACE DefaultListableBeanFactory - Returning cached instance of singleton bean 'beanNameHandlerMapping' 20.05.2021 23:58:03
TRACE DefaultListableBeanFactory - Returning cached instance of singleton bean 'routerFunctionMapping' 20.05.2021 23:58:03
TRACE DefaultListableBeanFactory - Returning cached instance of singleton bean 'resourceHandlerMapping' 20.05.2021 23:58:03
TRACE DefaultListableBeanFactory - Returning cached instance of singleton bean 'defaultServletHandlerMapping' 20.05.2021 23:58:03
TRACE DefaultListableBeanFactory - Returning cached instance of singleton bean 'requestMappingHandlerAdapter' 20.05.2021 23:58:03
TRACE DefaultListableBeanFactory - Returning cached instance of singleton bean 'handlerFunctionAdapter' 20.05.2021 23:58:03
TRACE DefaultListableBeanFactory - Returning cached instance of singleton bean 'httpRequestHandlerAdapter' 20.05.2021 23:58:03
TRACE DefaultListableBeanFactory - Returning cached instance of singleton bean 'simpleControllerHandlerAdapter' 20.05.2021 23:58:03
TRACE DefaultListableBeanFactory - Returning cached instance of singleton bean 'handlerExceptionResolver' 20.05.2021 23:58:03
TRACE DefaultListableBeanFactory - Returning cached instance of singleton bean 'viewNameTranslator' 20.05.2021 23:58:03
TRACE DispatcherServlet - Detected DefaultRequestToViewNameTranslator 20.05.2021 23:58:03
TRACE DefaultListableBeanFactory - Returning cached instance of singleton bean 'mvcViewResolver' 20.05.2021 23:58:03
TRACE DefaultListableBeanFactory - Returning cached instance of singleton bean 'flashMapManager' 20.05.2021 23:58:03
TRACE DispatcherServlet - Detected SessionFlashMapManager 20.05.2021 23:58:03
TRACE ResourceUrlProvider - No resource handling mappings found 20.05.2021 23:58:03
TRACE PropertySourcesPropertyResolver - Searching for key 'spring.liveBeansView.mbeanDomain' in PropertySource 'servletConfigInitParams' 20.05.2021 23:58:03
TRACE PropertySourcesPropertyResolver - Searching for key 'spring.liveBeansView.mbeanDomain' in PropertySource 'servletContextInitParams' 20.05.2021 23:58:03
TRACE PropertySourcesPropertyResolver - Searching for key 'spring.liveBeansView.mbeanDomain' in PropertySource 'jndiProperties' 20.05.2021 23:58:03
DEBUG JndiTemplate - Looking up JNDI object with name [java:comp/env/spring.liveBeansView.mbeanDomain] 20.05.2021 23:58:03
DEBUG JndiLocatorDelegate - Converted JNDI name [java:comp/env/spring.liveBeansView.mbeanDomain] not found - trying original name [spring.liveBeansView.mbeanDomain]. javax.naming.NameNotFoundException: Name [spring.liveBeansView.mbeanDomain] is not bound in this Context. Unable to find [spring.liveBeansView.mbeanDomain]. 20.05.2021 23:58:03
DEBUG JndiTemplate - Looking up JNDI object with name [spring.liveBeansView.mbeanDomain] 20.05.2021 23:58:03
DEBUG JndiPropertySource - JNDI lookup for name [spring.liveBeansView.mbeanDomain] threw NamingException with message: Name [spring.liveBeansView.mbeanDomain] is not bound in this Context. Unable to find [spring.liveBeansView.mbeanDomain].. Returning null. 20.05.2021 23:58:03
TRACE PropertySourcesPropertyResolver - Searching for key 'spring.liveBeansView.mbeanDomain' in PropertySource 'systemProperties' 20.05.2021 23:58:03
TRACE PropertySourcesPropertyResolver - Searching for key 'spring.liveBeansView.mbeanDomain' in PropertySource 'systemEnvironment' 20.05.2021 23:58:03
TRACE PropertySourcesPropertyResolver - Searching for key 'spring.liveBeansView.mbeanDomain' in PropertySource 'class path resource [dataBase.properties]' 20.05.2021 23:58:03
TRACE PropertySourcesPropertyResolver - Could not find key 'spring.liveBeansView.mbeanDomain' in any property source 20.05.2021 23:58:03
DEBUG DispatcherServlet - enableLoggingRequestDetails='false': request parameters and headers will be masked to prevent unsafe logging of potentially sensitive data 20.05.2021 23:58:03
INFO  DispatcherServlet - Completed initialization in 18 ms 20.05.2021 23:58:03
TRACE DispatcherServlet - GET "/employees", parameters={}, headers={masked} in DispatcherServlet 'dispatcher' 20.05.2021 23:58:27
TRACE DefaultListableBeanFactory - Returning cached instance of singleton bean 'employeesController' 20.05.2021 23:58:27
TRACE RequestMappingHandlerMapping - Mapped to com.chitts.controllers.EmployeesController#getAllEmployees() 20.05.2021 23:58:27
TRACE HandlerMethod - Arguments: [] 20.05.2021 23:58:27
TRACE CachedIntrospectionResults - Getting BeanInfo for class [com.chitts.dto.DtoEmployeeShort] 20.05.2021 23:58:27
TRACE CachedIntrospectionResults - Caching PropertyDescriptors for class [com.chitts.dto.DtoEmployeeShort] 20.05.2021 23:58:27
TRACE CachedIntrospectionResults - Found bean property 'class' of type [java.lang.Class] 20.05.2021 23:58:27
TRACE CachedIntrospectionResults - Found bean property 'departmentId' of type [java.lang.Long] 20.05.2021 23:58:27
TRACE CachedIntrospectionResults - Found bean property 'employeeId' of type [long] 20.05.2021 23:58:27
TRACE CachedIntrospectionResults - Found bean property 'firstName' of type [java.lang.String] 20.05.2021 23:58:27
TRACE CachedIntrospectionResults - Found bean property 'lastName' of type [java.lang.String] 20.05.2021 23:58:27
DEBUG JdbcTemplate - Executing SQL query [SELECT * FROM employees ORDER BY employee_id] 20.05.2021 23:58:27
DEBUG DataSourceUtils - Fetching JDBC Connection from DataSource 20.05.2021 23:58:27
DEBUG DriverManagerDataSource - Creating new JDBC DriverManager Connection to [jdbc:postgresql://localhost:5432/first_db] 20.05.2021 23:58:27
DEBUG BeanPropertyRowMapper - Mapping column 'employee_id' to property 'employeeId' of type 'long' 20.05.2021 23:58:27
DEBUG BeanPropertyRowMapper - Mapping column 'first_name' to property 'firstName' of type 'java.lang.String' 20.05.2021 23:58:27
DEBUG BeanPropertyRowMapper - Mapping column 'last_name' to property 'lastName' of type 'java.lang.String' 20.05.2021 23:58:27
DEBUG BeanPropertyRowMapper - Mapping column 'department_id' to property 'departmentId' of type 'java.lang.Long' 20.05.2021 23:58:27
DEBUG BeanPropertyRowMapper - No property found for column 'job_title' mapped to field 'job_title' 20.05.2021 23:58:27
DEBUG BeanPropertyRowMapper - No property found for column 'gender' mapped to field 'gender' 20.05.2021 23:58:27
DEBUG BeanPropertyRowMapper - No property found for column 'date_of_birth' mapped to field 'date_of_birth' 20.05.2021 23:58:27
DEBUG RequestResponseBodyMethodProcessor - Using 'application/json;q=0.8', given [text/html, application/xhtml+xml, image/webp, image/apng, application/xml;q=0.9, application/signed-exchange;v=b3;q=0.9, */*;q=0.8] and supported [application/json, application/*+json] 20.05.2021 23:58:28
TRACE RequestResponseBodyMethodProcessor - Writing [[com.chitts.dto.DtoEmployeeShort@d0f9b2f, com.chitts.dto.DtoEmployeeShort@69dc9786, com.chitts.dto.DtoEmployeeShort@6a82b632]] 20.05.2021 23:58:28
TRACE RequestMappingHandlerAdapter - Applying default cacheSeconds=-1 20.05.2021 23:58:28
TRACE DispatcherServlet - No view rendering, null ModelAndView returned. 20.05.2021 23:58:28
DEBUG DispatcherServlet - Completed 200 OK, headers={masked} 20.05.2021 23:58:28
TRACE DispatcherServlet - GET "/employees/4", parameters={}, headers={masked} in DispatcherServlet 'dispatcher' 20.05.2021 23:58:39
TRACE DefaultListableBeanFactory - Returning cached instance of singleton bean 'employeesController' 20.05.2021 23:58:39
TRACE RequestMappingHandlerMapping - Mapped to com.chitts.controllers.EmployeesController#getById(Long) 20.05.2021 23:58:39
TRACE HandlerMethod - Arguments: [4] 20.05.2021 23:58:39
TRACE CachedIntrospectionResults - Getting BeanInfo for class [com.chitts.dto.DtoEmployeeFull] 20.05.2021 23:58:39
TRACE CachedIntrospectionResults - Caching PropertyDescriptors for class [com.chitts.dto.DtoEmployeeFull] 20.05.2021 23:58:39
TRACE CachedIntrospectionResults - Found bean property 'class' of type [java.lang.Class] 20.05.2021 23:58:39
TRACE CachedIntrospectionResults - Found bean property 'dateOfBirth' of type [java.util.Date] 20.05.2021 23:58:39
TRACE CachedIntrospectionResults - Found bean property 'departmentId' of type [java.lang.Long] 20.05.2021 23:58:39
TRACE CachedIntrospectionResults - Found bean property 'employeeId' of type [long] 20.05.2021 23:58:39
TRACE CachedIntrospectionResults - Found bean property 'firstName' of type [java.lang.String] 20.05.2021 23:58:39
TRACE CachedIntrospectionResults - Found bean property 'gender' of type [com.chitts.models.Gender] 20.05.2021 23:58:39
TRACE CachedIntrospectionResults - Found bean property 'jobTitle' of type [java.lang.String] 20.05.2021 23:58:39
TRACE CachedIntrospectionResults - Found bean property 'lastName' of type [java.lang.String] 20.05.2021 23:58:39
DEBUG JdbcTemplate - Executing prepared SQL query 20.05.2021 23:58:39
DEBUG JdbcTemplate - Executing prepared SQL statement [SELECT * FROM employees WHERE employee_id =?] 20.05.2021 23:58:39
DEBUG DataSourceUtils - Fetching JDBC Connection from DataSource 20.05.2021 23:58:39
DEBUG DriverManagerDataSource - Creating new JDBC DriverManager Connection to [jdbc:postgresql://localhost:5432/first_db] 20.05.2021 23:58:39
TRACE StatementCreatorUtils - Setting SQL statement parameter value: column index 1, parameter value [4], value class [java.lang.Long], SQL type unknown 20.05.2021 23:58:39
DEBUG RequestResponseBodyMethodProcessor - Using 'application/json;q=0.8', given [text/html, application/xhtml+xml, image/webp, image/apng, application/xml;q=0.9, application/signed-exchange;v=b3;q=0.9, */*;q=0.8] and supported [application/json, application/*+json] 20.05.2021 23:58:39
DEBUG RequestResponseBodyMethodProcessor - Nothing to write: null body 20.05.2021 23:58:39
TRACE RequestMappingHandlerAdapter - Applying default cacheSeconds=-1 20.05.2021 23:58:39
TRACE DispatcherServlet - No view rendering, null ModelAndView returned. 20.05.2021 23:58:39
DEBUG DispatcherServlet - Completed 200 OK, headers={} 20.05.2021 23:58:39
TRACE DispatcherServlet - GET "/employees/3", parameters={}, headers={masked} in DispatcherServlet 'dispatcher' 20.05.2021 23:58:44
TRACE DefaultListableBeanFactory - Returning cached instance of singleton bean 'employeesController' 20.05.2021 23:58:44
TRACE RequestMappingHandlerMapping - Mapped to com.chitts.controllers.EmployeesController#getById(Long) 20.05.2021 23:58:44
TRACE HandlerMethod - Arguments: [3] 20.05.2021 23:58:44
DEBUG JdbcTemplate - Executing prepared SQL query 20.05.2021 23:58:44
DEBUG JdbcTemplate - Executing prepared SQL statement [SELECT * FROM employees WHERE employee_id =?] 20.05.2021 23:58:44
DEBUG DataSourceUtils - Fetching JDBC Connection from DataSource 20.05.2021 23:58:44
DEBUG DriverManagerDataSource - Creating new JDBC DriverManager Connection to [jdbc:postgresql://localhost:5432/first_db] 20.05.2021 23:58:44
TRACE StatementCreatorUtils - Setting SQL statement parameter value: column index 1, parameter value [3], value class [java.lang.Long], SQL type unknown 20.05.2021 23:58:44
DEBUG BeanPropertyRowMapper - Mapping column 'employee_id' to property 'employeeId' of type 'long' 20.05.2021 23:58:44
DEBUG BeanPropertyRowMapper - Mapping column 'first_name' to property 'firstName' of type 'java.lang.String' 20.05.2021 23:58:44
DEBUG BeanPropertyRowMapper - Mapping column 'last_name' to property 'lastName' of type 'java.lang.String' 20.05.2021 23:58:44
DEBUG BeanPropertyRowMapper - Mapping column 'department_id' to property 'departmentId' of type 'java.lang.Long' 20.05.2021 23:58:44
DEBUG BeanPropertyRowMapper - Mapping column 'job_title' to property 'jobTitle' of type 'java.lang.String' 20.05.2021 23:58:44
DEBUG BeanPropertyRowMapper - Mapping column 'gender' to property 'gender' of type 'com.chitts.models.Gender' 20.05.2021 23:58:44
DEBUG BeanPropertyRowMapper - Mapping column 'date_of_birth' to property 'dateOfBirth' of type 'java.util.Date' 20.05.2021 23:58:44
DEBUG RequestResponseBodyMethodProcessor - Using 'application/json;q=0.8', given [text/html, application/xhtml+xml, image/webp, image/apng, application/xml;q=0.9, application/signed-exchange;v=b3;q=0.9, */*;q=0.8] and supported [application/json, application/*+json] 20.05.2021 23:58:44
TRACE RequestResponseBodyMethodProcessor - Writing [com.chitts.dto.DtoEmployeeFull@27d9e237] 20.05.2021 23:58:44
TRACE RequestMappingHandlerAdapter - Applying default cacheSeconds=-1 20.05.2021 23:58:44
TRACE DispatcherServlet - No view rendering, null ModelAndView returned. 20.05.2021 23:58:44
DEBUG DispatcherServlet - Completed 200 OK, headers={masked} 20.05.2021 23:58:44
DEBUG AnnotationConfigWebApplicationContext - Closing WebApplicationContext for namespace 'dispatcher-servlet', started on Thu May 20 23:58:03 MSK 2021, parent: Root WebApplicationContext 20.05.2021 23:59:23
TRACE DefaultListableBeanFactory - Returning cached instance of singleton bean 'lifecycleProcessor' 20.05.2021 23:59:23
TRACE DefaultListableBeanFactory - Destroying singletons in org.springframework.beans.factory.support.DefaultListableBeanFactory@3d2700b5: defining beans [org.springframework.context.annotation.internalConfigurationAnnotationProcessor,org.springframework.context.annotation.internalAutowiredAnnotationProcessor,org.springframework.context.annotation.internalCommonAnnotationProcessor,org.springframework.context.event.internalEventListenerProcessor,org.springframework.context.event.internalEventListenerFactory]; parent: org.springframework.beans.factory.support.DefaultListableBeanFactory@453cf307 20.05.2021 23:59:23
DEBUG AnnotationConfigWebApplicationContext - Closing Root WebApplicationContext, started on Thu May 20 23:58:01 MSK 2021 20.05.2021 23:59:23
TRACE DefaultListableBeanFactory - Returning cached instance of singleton bean 'lifecycleProcessor' 20.05.2021 23:59:23
TRACE DefaultListableBeanFactory - Destroying singletons in org.springframework.beans.factory.support.DefaultListableBeanFactory@453cf307: defining beans [org.springframework.context.annotation.internalConfigurationAnnotationProcessor,org.springframework.context.annotation.internalAutowiredAnnotationProcessor,org.springframework.context.annotation.internalCommonAnnotationProcessor,org.springframework.context.event.internalEventListenerProcessor,org.springframework.context.event.internalEventListenerFactory,appInitializer,dataSourceConfig,dataBaseInit,employeesController,employeeDaoImpl,employeeServiceImpl,org.springframework.web.servlet.config.annotation.DelegatingWebMvcConfiguration,requestMappingHandlerMapping,mvcUrlPathHelper,mvcPathMatcher,mvcContentNegotiationManager,viewControllerHandlerMapping,beanNameHandlerMapping,routerFunctionMapping,resourceHandlerMapping,mvcResourceUrlProvider,defaultServletHandlerMapping,requestMappingHandlerAdapter,handlerFunctionAdapter,mvcConversionService,mvcValidator,mvcUriComponentsContributor,httpRequestHandlerAdapter,simpleControllerHandlerAdapter,handlerExceptionResolver,mvcViewResolver,mvcHandlerMappingIntrospector,localeResolver,themeResolver,flashMapManager,viewNameTranslator,jdbcTemplate,dataSource]; root of factory hierarchy 20.05.2021 23:59:23
TRACE DefaultListableBeanFactory - Retrieved dependent beans for bean 'mvcResourceUrlProvider': [requestMappingHandlerMapping, viewControllerHandlerMapping, beanNameHandlerMapping, routerFunctionMapping, resourceHandlerMapping] 20.05.2021 23:59:23
TRACE CommonAnnotationBeanPostProcessor - Invoking destroy method on bean 'dataBaseInit': private void com.chitts.config.DataBaseInit.dropTable() 20.05.2021 23:59:23
DEBUG JdbcTemplate - Executing SQL update [DROP TABLE employees;DROP TYPE gender;] 20.05.2021 23:59:23
DEBUG DataSourceUtils - Fetching JDBC Connection from DataSource 20.05.2021 23:59:23
DEBUG DriverManagerDataSource - Creating new JDBC DriverManager Connection to [jdbc:postgresql://localhost:5432/first_db] 20.05.2021 23:59:23
TRACE JdbcTemplate - SQL update affected 0 rows 20.05.2021 23:59:24
